Log file open, 04/05/19 16:21:12
LogWindows: Failed to load 'aqProf.dll' (GetLastError=126)
LogWindows: File 'aqProf.dll' does not exist
LogWindows: Failed to load 'VtuneApi.dll' (GetLastError=126)
LogWindows: File 'VtuneApi.dll' does not exist
LogWindows: Failed to load 'VtuneApi32e.dll' (GetLastError=126)
LogWindows: File 'VtuneApi32e.dll' does not exist
LogConsoleResponse: Display: Failed to find resolution value strings in scalability ini. Falling back to default.
LogInit: Display: Running engine for game: WEF_Simulation
LogPakFile: Registered encryption key '00000000000000000000000000000000': 0 pak files mounted, 0 remain pending
LogPlatformFile: Not using cached read wrapper
LogTaskGraph: Started task graph with 5 named threads and 23 total threads with 3 sets of task threads.
LogStats: Stats thread started at 0.381079
LogD3D11RHI: Loaded GFSDK_Aftermath_Lib.x64.dll
LogICUInternationalization: ICU TimeZone Detection - Raw Offset: -5:00, Platform Override: ''
LogPluginManager: Mounting plugin Paper2D
LogPluginManager: Mounting plugin AISupport
LogPluginManager: Mounting plugin LightPropagationVolume
LogPluginManager: Mounting plugin ActorLayerUtilities
LogPluginManager: Mounting plugin CLionSourceCodeAccess
LogPluginManager: Mounting plugin CodeLiteSourceCodeAccess
LogPluginManager: Mounting plugin GitSourceControl
LogPluginManager: Mounting plugin KDevelopSourceCodeAccess
LogPluginManager: Mounting plugin NullSourceCodeAccess
LogPluginManager: Mounting plugin PerforceSourceControl
LogPluginManager: Mounting plugin SubversionSourceControl
LogPluginManager: Mounting plugin UObjectPlugin
LogPluginManager: Mounting plugin VisualStudioCodeSourceCodeAccess
LogPluginManager: Mounting plugin VisualStudioSourceCodeAccess
LogPluginManager: Mounting plugin XCodeSourceCodeAccess
LogPluginManager: Mounting plugin AssetManagerEditor
LogPluginManager: Mounting plugin CryptoKeys
LogPluginManager: Mounting plugin DataValidation
LogPluginManager: Mounting plugin EditorScriptingUtilities
LogPluginManager: Mounting plugin FacialAnimation
LogPluginManager: Mounting plugin GameplayTagsEditor
LogPluginManager: Mounting plugin MacGraphicsSwitching
LogPluginManager: Mounting plugin MeshEditor
LogPluginManager: Mounting plugin MobileLauncherProfileWizard
LogPluginManager: Mounting plugin PluginBrowser
LogPluginManager: Mounting plugin SpeedTreeImporter
LogPluginManager: Mounting plugin DatasmithContent
LogPluginManager: Mounting plugin VariantManagerContent
LogPluginManager: Mounting plugin AlembicImporter
LogPluginManager: Mounting plugin AppleImageUtils
LogPluginManager: Mounting plugin AppleVision
LogPluginManager: Mounting plugin BackChannel
LogPluginManager: Mounting plugin CharacterAI
LogPluginManager: Mounting plugin GeometryCache
LogPluginManager: Mounting plugin HTML5Networking
LogPluginManager: Mounting plugin ProxyLODPlugin
LogPluginManager: Mounting plugin MagicLeap
LogPluginManager: Mounting plugin MagicLeapMedia
LogPluginManager: Mounting plugin AndroidMedia
LogPluginManager: Mounting plugin AvfMedia
LogPluginManager: Mounting plugin ImgMedia
LogPluginManager: Mounting plugin LinearTimecode
LogPluginManager: Mounting plugin MediaCompositing
LogPluginManager: Mounting plugin MediaPlayerEditor
LogPluginManager: Mounting plugin WebMMedia
LogPluginManager: Mounting plugin WmfMedia
LogPluginManager: Mounting plugin TcpMessaging
LogPluginManager: Mounting plugin UdpMessaging
LogPluginManager: Mounting plugin ActorSequence
LogPluginManager: Mounting plugin LevelSequenceEditor
LogPluginManager: Mounting plugin MatineeToLevelSequence
LogPluginManager: Mounting plugin NetcodeUnitTest
LogPluginManager: Mounting plugin NUTUnrealEngine4
LogPluginManager: Mounting plugin OnlineSubsystemGooglePlay
LogPluginManager: Mounting plugin OnlineSubsystemIOS
LogPluginManager: Mounting plugin OnlineSubsystem
LogPluginManager: Mounting plugin OnlineSubsystemNull
LogPluginManager: Mounting plugin OnlineSubsystemUtils
LogPluginManager: Mounting plugin LauncherChunkInstaller
LogPluginManager: Mounting plugin AndroidDeviceProfileSelector
LogPluginManager: Mounting plugin AndroidMoviePlayer
LogPluginManager: Mounting plugin AndroidPermission
LogPluginManager: Mounting plugin AppleMoviePlayer
LogPluginManager: Mounting plugin ArchVisCharacter
LogPluginManager: Mounting plugin AudioCapture
LogPluginManager: Mounting plugin CableComponent
LogPluginManager: Mounting plugin CustomMeshComponent
LogPluginManager: Mounting plugin EditableMesh
LogPluginManager: Mounting plugin ExampleDeviceProfileSelector
LogPluginManager: Mounting plugin Firebase
LogPluginManager: Mounting plugin GoogleCloudMessaging
LogPluginManager: Mounting plugin IOSDeviceProfileSelector
LogPluginManager: Mounting plugin LinuxDeviceProfileSelector
LogPluginManager: Mounting plugin LocationServicesBPLibrary
LogPluginManager: Mounting plugin MobilePatchingUtils
LogPluginManager: Mounting plugin OculusVR
LogPluginManager: Mounting plugin PhysXVehicles
LogPluginManager: Mounting plugin ProceduralMeshComponent
LogPluginManager: Mounting plugin RuntimePhysXCooking
LogPluginManager: Mounting plugin SteamVR
LogPluginManager: Mounting plugin WebMMoviePlayer
LogPluginManager: Mounting plugin WindowsMoviePlayer
LogPluginManager: Mounting plugin DatasmithCADImporter
LogPluginManager: Mounting plugin DatasmithFBXImporter
LogPluginManager: Mounting plugin DatasmithImporter
LogPluginManager: Mounting plugin MDLImporter
LogPluginManager: Mounting plugin StaticMeshEditorExtension
LogPluginManager: Mounting plugin VariantManager
LogStreaming: Display: Took  0.322s to configure plugins.
LogInit: Using libcurl 7.55.1-DEV
LogInit:  - built for x86_64-pc-win32
LogInit:  - supports SSL with OpenSSL/1.0.2h
LogInit:  - supports HTTP deflate (compression) using libz 1.2.8
LogInit:  - other features:
LogInit:      CURL_VERSION_SSL
LogInit:      CURL_VERSION_LIBZ
LogInit:      CURL_VERSION_IPV6
LogInit:      CURL_VERSION_ASYNCHDNS
LogInit:      CURL_VERSION_LARGEFILE
LogInit:      CURL_VERSION_IDN
LogInit:  CurlRequestOptions (configurable via config and command line):
LogInit:  - bVerifyPeer = true  - Libcurl will verify peer certificate
LogInit:  - bUseHttpProxy = false  - Libcurl will NOT use HTTP proxy
LogInit:  - bDontReuseConnections = false  - Libcurl will reuse connections
LogInit:  - MaxHostConnections = 16  - Libcurl will limit the number of connections to a host
LogInit:  - LocalHostAddr = Default
LogInit:  - BufferSize = 65536
LogInit: WinSock: version 1.1 (2.2), MaxSocks=32767, MaxUdp=65467
LogInit: Build: ++UE4+Release-4.21-CL-4753647
LogInit: Engine Version: 4.21.2-4753647+++UE4+Release-4.21
LogInit: Compatible Engine Version: 4.21.0-4541578+++UE4+Release-4.21
LogInit: Net CL: 4541578
LogInit: OS: Windows 10 (), CPU: Intel(R) Core(TM) i7-8650U CPU @ 1.90GHz, GPU: Intel(R) UHD Graphics 620
LogInit: Compiled (64-bit): Jan 19 2019 02:07:31
LogInit: Compiled with Visual C++: 19.13.26129.00
LogInit: Build Configuration: Development
LogInit: Branch Name: ++UE4+Release-4.21
LogInit: Command Line: 
LogInit: Base Directory: C:/Program Files/Epic Games/UE_4.21/Engine/Binaries/Win64/
LogInit: Installed Engine Build: 1
LogDevObjectVersion: Number of dev versions registered: 22
LogDevObjectVersion:   Dev-Blueprints (B0D832E4-1F89-4F0D-ACCF-7EB736FD4AA2): 10
LogDevObjectVersion:   Dev-Build (E1C64328-A22C-4D53-A36C-8E866417BD8C): 0
LogDevObjectVersion:   Dev-Core (375EC13C-06E4-48FB-B500-84F0262A717E): 2
LogDevObjectVersion:   Dev-Editor (E4B068ED-F494-42E9-A231-DA0B2E46BB41): 26
LogDevObjectVersion:   Dev-Framework (CFFC743F-43B0-4480-9391-14DF171D2073): 34
LogDevObjectVersion:   Dev-Mobile (B02B49B5-BB20-44E9-A304-32B752E40360): 2
LogDevObjectVersion:   Dev-Networking (A4E4105C-59A1-49B5-A7C5-40C4547EDFEE): 0
LogDevObjectVersion:   Dev-Online (39C831C9-5AE6-47DC-9A44-9C173E1C8E7C): 0
LogDevObjectVersion:   Dev-Physics (78F01B33-EBEA-4F98-B9B4-84EACCB95AA2): 0
LogDevObjectVersion:   Dev-Platform (6631380F-2D4D-43E0-8009-CF276956A95A): 0
LogDevObjectVersion:   Dev-Rendering (12F88B9F-8875-4AFC-A67C-D90C383ABD29): 27
LogDevObjectVersion:   Dev-Sequencer (7B5AE74C-D270-4C10-A958-57980B212A5A): 9
LogDevObjectVersion:   Dev-VR (D7296918-1DD6-4BDD-9DE2-64A83CC13884): 2
LogDevObjectVersion:   Dev-LoadTimes (C2A15278-BFE7-4AFE-6C17-90FF531DF755): 1
LogDevObjectVersion:   Private-Geometry (6EACA3D4-40EC-4CC1-B786-8BED09428FC5): 3
LogDevObjectVersion:   Dev-AnimPhys (29E575DD-E0A3-4627-9D10-D276232CDCEA): 17
LogDevObjectVersion:   Dev-Anim (AF43A65D-7FD3-4947-9873-3E8ED9C1BB05): 2
LogDevObjectVersion:   Dev-ReflectionCapture (6B266CEC-1EC7-4B8F-A30B-E4D90942FC07): 1
LogDevObjectVersion:   Dev-Automation (0DF73D61-A23F-47EA-B727-89E90C41499A): 1
LogDevObjectVersion:   FortniteMain (601D1886-AC64-4F84-AA16-D3DE0DEAC7D6): 17
LogDevObjectVersion:   Dev-Enterprise (9DFFBCD6-494F-0158-E221-12823C92A888): 4
LogDevObjectVersion:   Dev-Niagara (F2AED0AC-9AFE-416F-8664-AA7FFA26D6FC): 1
LogStreaming: Display: Took  0.002s to delete old logs.
LogInit: Presizing for max 8388607 objects, including 0 objects not considered by GC, pre-allocating 0 bytes for permanent pool.
LogInit: Object subsystem initialized
LogConfig: Setting CVar [[con.DebugEarlyDefault:1]]
LogConfig: Setting CVar [[r.setres:1280x720]]
[2019.04.05-20.21.12:994][  0]LogConfig: Setting CVar [[r.VSync:0]]
[2019.04.05-20.21.12:994][  0]LogConfig: Setting CVar [[r.RHICmdBypass:0]]
[2019.04.05-20.21.12:994][  0]LogConfig: Applying CVar settings from Section [/Script/Engine.RendererSettings] File [C:/Users/Jirawat/Documents/GitHub/WEF_Simulation/Saved/Config/Windows/Engine.ini]
[2019.04.05-20.21.12:994][  0]LogConfig: Setting CVar [[r.GPUCrashDebugging:0]]
[2019.04.05-20.21.12:994][  0]LogConfig: Applying CVar settings from Section [/Script/Engine.RendererOverrideSettings] File [C:/Users/Jirawat/Documents/GitHub/WEF_Simulation/Saved/Config/Windows/Engine.ini]
[2019.04.05-20.21.12:994][  0]LogConfig: Applying CVar settings from Section [/Script/Engine.StreamingSettings] File [C:/Users/Jirawat/Documents/GitHub/WEF_Simulation/Saved/Config/Windows/Engine.ini]
[2019.04.05-20.21.12:994][  0]LogConfig: Setting CVar [[s.MinBulkDataSizeForAsyncLoading:131072]]
[2019.04.05-20.21.12:994][  0]LogConfig: Setting CVar [[s.AsyncLoadingThreadEnabled:0]]
[2019.04.05-20.21.12:994][  0]LogConfig: Setting CVar [[s.EventDrivenLoaderEnabled:1]]
[2019.04.05-20.21.12:994][  0]LogConfig: Setting CVar [[s.WarnIfTimeLimitExceeded:0]]
[2019.04.05-20.21.12:994][  0]LogConfig: Setting CVar [[s.TimeLimitExceededMultiplier:1.5]]
[2019.04.05-20.21.12:994][  0]LogConfig: Setting CVar [[s.TimeLimitExceededMinTime:0.005]]
[2019.04.05-20.21.12:994][  0]LogConfig: Setting CVar [[s.UseBackgroundLevelStreaming:1]]
[2019.04.05-20.21.12:994][  0]LogConfig: Setting CVar [[s.PriorityAsyncLoadingExtraTime:15.0]]
[2019.04.05-20.21.12:994][  0]LogConfig: Setting CVar [[s.LevelStreamingActorsUpdateTimeLimit:5.0]]
[2019.04.05-20.21.12:994][  0]LogConfig: Setting CVar [[s.PriorityLevelStreamingActorsUpdateExtraTime:5.0]]
[2019.04.05-20.21.12:994][  0]LogConfig: Setting CVar [[s.LevelStreamingComponentsRegistrationGranularity:10]]
[2019.04.05-20.21.12:994][  0]LogConfig: Setting CVar [[s.UnregisterComponentsTimeLimit:1.0]]
[2019.04.05-20.21.12:994][  0]LogConfig: Setting CVar [[s.LevelStreamingComponentsUnregistrationGranularity:5]]
[2019.04.05-20.21.12:994][  0]LogConfig: Applying CVar settings from Section [/Script/Engine.GarbageCollectionSettings] File [C:/Users/Jirawat/Documents/GitHub/WEF_Simulation/Saved/Config/Windows/Engine.ini]
[2019.04.05-20.21.12:994][  0]LogConfig: Setting CVar [[gc.MaxObjectsNotConsideredByGC:1]]
[2019.04.05-20.21.12:994][  0]LogConfig: Setting CVar [[gc.SizeOfPermanentObjectPool:0]]
[2019.04.05-20.21.12:994][  0]LogConfig: Setting CVar [[gc.FlushStreamingOnGC:0]]
[2019.04.05-20.21.12:995][  0]LogConfig: Setting CVar [[gc.NumRetriesBeforeForcingGC:10]]
[2019.04.05-20.21.12:995][  0]LogConfig: Setting CVar [[gc.AllowParallelGC:1]]
[2019.04.05-20.21.12:995][  0]LogConfig: Setting CVar [[gc.TimeBetweenPurgingPendingKillObjects:61.1]]
[2019.04.05-20.21.12:995][  0]LogConfig: Setting CVar [[gc.MaxObjectsInEditor:8388607]]
[2019.04.05-20.21.12:995][  0]LogConfig: Setting CVar [[gc.IncrementalBeginDestroyEnabled:1]]
[2019.04.05-20.21.12:995][  0]LogConfig: Setting CVar [[gc.CreateGCClusters:1]]
[2019.04.05-20.21.12:995][  0]LogConfig: Setting CVar [[gc.MergeGCClusters:0]]
[2019.04.05-20.21.12:995][  0]LogConfig: Setting CVar [[gc.MinGCClusterSize:5]]
[2019.04.05-20.21.12:995][  0]LogConfig: Setting CVar [[gc.ActorClusteringEnabled:0]]
[2019.04.05-20.21.12:995][  0]LogConfig: Setting CVar [[gc.BlueprintClusteringEnabled:0]]
[2019.04.05-20.21.12:995][  0]LogConfig: Setting CVar [[gc.UseDisregardForGCOnDedicatedServers:0]]
[2019.04.05-20.21.12:995][  0]LogConfig: Applying CVar settings from Section [/Script/Engine.NetworkSettings] File [C:/Users/Jirawat/Documents/GitHub/WEF_Simulation/Saved/Config/Windows/Engine.ini]
[2019.04.05-20.21.12:995][  0]LogConfig: Applying CVar settings from Section [/Script/UnrealEd.CookerSettings] File [C:/Users/Jirawat/Documents/GitHub/WEF_Simulation/Saved/Config/Windows/Engine.ini]
[2019.04.05-20.21.13:000][  0]LogConfig: Applying CVar settings from Section [ViewDistanceQuality@3] File [C:/Users/Jirawat/Documents/GitHub/WEF_Simulation/Saved/Config/Windows/Scalability.ini]
[2019.04.05-20.21.13:000][  0]LogConfig: Setting CVar [[r.SkeletalMeshLODBias:0]]
[2019.04.05-20.21.13:001][  0]LogConfig: Setting CVar [[r.ViewDistanceScale:1.0]]
[2019.04.05-20.21.13:001][  0]LogConfig: Applying CVar settings from Section [AntiAliasingQuality@3] File [C:/Users/Jirawat/Documents/GitHub/WEF_Simulation/Saved/Config/Windows/Scalability.ini]
[2019.04.05-20.21.13:001][  0]LogConfig: Setting CVar [[r.PostProcessAAQuality:4]]
[2019.04.05-20.21.13:001][  0]LogConfig: Applying CVar settings from Section [ShadowQuality@3] File [C:/Users/Jirawat/Documents/GitHub/WEF_Simulation/Saved/Config/Windows/Scalability.ini]
[2019.04.05-20.21.13:001][  0]LogConfig: Setting CVar [[r.LightFunctionQuality:1]]
[2019.04.05-20.21.13:001][  0]LogConfig: Setting CVar [[r.ShadowQuality:5]]
[2019.04.05-20.21.13:001][  0]LogConfig: Setting CVar [[r.Shadow.CSM.MaxCascades:10]]
[2019.04.05-20.21.13:001][  0]LogConfig: Setting CVar [[r.Shadow.MaxResolution:2048]]
[2019.04.05-20.21.13:001][  0]LogConfig: Setting CVar [[r.Shadow.MaxCSMResolution:2048]]
[2019.04.05-20.21.13:001][  0]LogConfig: Setting CVar [[r.Shadow.RadiusThreshold:0.01]]
[2019.04.05-20.21.13:001][  0]LogConfig: Setting CVar [[r.Shadow.DistanceScale:1.0]]
[2019.04.05-20.21.13:001][  0]LogConfig: Setting CVar [[r.Shadow.CSM.TransitionScale:1.0]]
[2019.04.05-20.21.13:001][  0]LogConfig: Setting CVar [[r.Shadow.PreShadowResolutionFactor:1.0]]
[2019.04.05-20.21.13:001][  0]LogConfig: Setting CVar [[r.DistanceFieldShadowing:1]]
[2019.04.05-20.21.13:001][  0]LogConfig: Setting CVar [[r.DistanceFieldAO:1]]
[2019.04.05-20.21.13:001][  0]LogConfig: Setting CVar [[r.AOQuality:2]]
[2019.04.05-20.21.13:002][  0]LogConfig: Setting CVar [[r.VolumetricFog:1]]
[2019.04.05-20.21.13:002][  0]LogConfig: Setting CVar [[r.VolumetricFog.GridPixelSize:8]]
[2019.04.05-20.21.13:002][  0]LogConfig: Setting CVar [[r.VolumetricFog.GridSizeZ:128]]
[2019.04.05-20.21.13:002][  0]LogConfig: Setting CVar [[r.VolumetricFog.HistoryMissSupersampleCount:4]]
[2019.04.05-20.21.13:002][  0]LogConfig: Setting CVar [[r.LightMaxDrawDistanceScale:1]]
[2019.04.05-20.21.13:002][  0]LogConfig: Setting CVar [[r.CapsuleShadows:1]]
[2019.04.05-20.21.13:002][  0]LogConfig: Applying CVar settings from Section [PostProcessQuality@3] File [C:/Users/Jirawat/Documents/GitHub/WEF_Simulation/Saved/Config/Windows/Scalability.ini]
[2019.04.05-20.21.13:002][  0]LogConfig: Setting CVar [[r.MotionBlurQuality:4]]
[2019.04.05-20.21.13:002][  0]LogConfig: Setting CVar [[r.AmbientOcclusionMipLevelFactor:0.4]]
[2019.04.05-20.21.13:002][  0]LogConfig: Setting CVar [[r.AmbientOcclusionMaxQuality:100]]
[2019.04.05-20.21.13:002][  0]LogConfig: Setting CVar [[r.AmbientOcclusionLevels:-1]]
[2019.04.05-20.21.13:002][  0]LogConfig: Setting CVar [[r.AmbientOcclusionRadiusScale:1.0]]
[2019.04.05-20.21.13:002][  0]LogConfig: Setting CVar [[r.DepthOfFieldQuality:2]]
[2019.04.05-20.21.13:002][  0]LogConfig: Setting CVar [[r.RenderTargetPoolMin:400]]
[2019.04.05-20.21.13:002][  0]LogConfig: Setting CVar [[r.LensFlareQuality:2]]
[2019.04.05-20.21.13:002][  0]LogConfig: Setting CVar [[r.SceneColorFringeQuality:1]]
[2019.04.05-20.21.13:002][  0]LogConfig: Setting CVar [[r.EyeAdaptationQuality:2]]
[2019.04.05-20.21.13:002][  0]LogConfig: Setting CVar [[r.BloomQuality:5]]
[2019.04.05-20.21.13:002][  0]LogConfig: Setting CVar [[r.FastBlurThreshold:100]]
[2019.04.05-20.21.13:002][  0]LogConfig: Setting CVar [[r.Upscale.Quality:3]]
[2019.04.05-20.21.13:002][  0]LogConfig: Setting CVar [[r.Tonemapper.GrainQuantization:1]]
[2019.04.05-20.21.13:002][  0]LogConfig: Setting CVar [[r.LightShaftQuality:1]]
[2019.04.05-20.21.13:003][  0]LogConfig: Setting CVar [[r.Filter.SizeScale:1]]
[2019.04.05-20.21.13:003][  0]LogConfig: Setting CVar [[r.Tonemapper.Quality:5]]
[2019.04.05-20.21.13:003][  0]LogConfig: Setting CVar [[r.DOF.Gather.AccumulatorQuality:1        ; higher gathering accumulator quality]]
[2019.04.05-20.21.13:003][  0]LogConfig: Setting CVar [[r.DOF.Gather.PostfilterMethod:1          ; Median3x3 postfilering method]]
[2019.04.05-20.21.13:003][  0]LogConfig: Setting CVar [[r.DOF.Gather.EnableBokehSettings:0       ; no bokeh simulation when gathering]]
[2019.04.05-20.21.13:003][  0]LogConfig: Setting CVar [[r.DOF.Gather.RingCount:4                 ; medium number of samples when gathering]]
[2019.04.05-20.21.13:003][  0]LogConfig: Setting CVar [[r.DOF.Scatter.ForegroundCompositing:1    ; additive foreground scattering]]
[2019.04.05-20.21.13:003][  0]LogConfig: Setting CVar [[r.DOF.Scatter.BackgroundCompositing:2    ; additive background scattering]]
[2019.04.05-20.21.13:003][  0]LogConfig: Setting CVar [[r.DOF.Scatter.EnableBokehSettings:1      ; bokeh simulation when scattering]]
[2019.04.05-20.21.13:003][  0]LogConfig: Setting CVar [[r.DOF.Scatter.MaxSpriteRatio:0.1         ; only a maximum of 10% of scattered bokeh]]
[2019.04.05-20.21.13:003][  0]LogConfig: Setting CVar [[r.DOF.Recombine.Quality:1                ; cheap slight out of focus]]
[2019.04.05-20.21.13:003][  0]LogConfig: Setting CVar [[r.DOF.Recombine.EnableBokehSettings:0    ; no bokeh simulation on slight out of focus]]
[2019.04.05-20.21.13:003][  0]LogConfig: Setting CVar [[r.DOF.TemporalAAQuality:1                ; more stable temporal accumulation]]
[2019.04.05-20.21.13:003][  0]LogConfig: Setting CVar [[r.DOF.Kernel.MaxForegroundRadius:0.025]]
[2019.04.05-20.21.13:003][  0]LogConfig: Setting CVar [[r.DOF.Kernel.MaxBackgroundRadius:0.025]]
[2019.04.05-20.21.13:003][  0]LogConfig: Applying CVar settings from Section [TextureQuality@3] File [C:/Users/Jirawat/Documents/GitHub/WEF_Simulation/Saved/Config/Windows/Scalability.ini]
[2019.04.05-20.21.13:003][  0]LogConfig: Setting CVar [[r.Streaming.MipBias:0]]
[2019.04.05-20.21.13:003][  0]LogConfig: Setting CVar [[r.Streaming.AmortizeCPUToGPUCopy:0]]
[2019.04.05-20.21.13:003][  0]LogConfig: Setting CVar [[r.Streaming.MaxNumTexturesToStreamPerFrame:0]]
[2019.04.05-20.21.13:003][  0]LogConfig: Setting CVar [[r.Streaming.Boost:1]]
[2019.04.05-20.21.13:003][  0]LogConfig: Setting CVar [[r.MaxAnisotropy:8]]
[2019.04.05-20.21.13:003][  0]LogConfig: Setting CVar [[r.Streaming.LimitPoolSizeToVRAM:0]]
[2019.04.05-20.21.13:004][  0]LogConfig: Setting CVar [[r.Streaming.PoolSize:1000]]
[2019.04.05-20.21.13:004][  0]LogConfig: Setting CVar [[r.Streaming.MaxEffectiveScreenSize:0]]
[2019.04.05-20.21.13:004][  0]LogConfig: Applying CVar settings from Section [EffectsQuality@3] File [C:/Users/Jirawat/Documents/GitHub/WEF_Simulation/Saved/Config/Windows/Scalability.ini]
[2019.04.05-20.21.13:004][  0]LogConfig: Setting CVar [[r.TranslucencyLightingVolumeDim:64]]
[2019.04.05-20.21.13:004][  0]LogConfig: Setting CVar [[r.RefractionQuality:2]]
[2019.04.05-20.21.13:004][  0]LogConfig: Setting CVar [[r.SSR.Quality:3]]
[2019.04.05-20.21.13:004][  0]LogConfig: Setting CVar [[r.SceneColorFormat:4]]
[2019.04.05-20.21.13:004][  0]LogConfig: Setting CVar [[r.DetailMode:2]]
[2019.04.05-20.21.13:004][  0]LogConfig: Setting CVar [[r.TranslucencyVolumeBlur:1]]
[2019.04.05-20.21.13:004][  0]LogConfig: Setting CVar [[r.MaterialQualityLevel:1 ; High quality]]
[2019.04.05-20.21.13:004][  0]LogConfig: Setting CVar [[r.SSS.Scale:1]]
[2019.04.05-20.21.13:004][  0]LogConfig: Setting CVar [[r.SSS.SampleSet:2]]
[2019.04.05-20.21.13:004][  0]LogConfig: Setting CVar [[r.SSS.Quality:1]]
[2019.04.05-20.21.13:004][  0]LogConfig: Setting CVar [[r.SSS.HalfRes:1]]
[2019.04.05-20.21.13:004][  0]LogConfig: Setting CVar [[r.EmitterSpawnRateScale:1.0]]
[2019.04.05-20.21.13:004][  0]LogConfig: Setting CVar [[r.ParticleLightQuality:2]]
[2019.04.05-20.21.13:004][  0]LogConfig: Applying CVar settings from Section [FoliageQuality@3] File [C:/Users/Jirawat/Documents/GitHub/WEF_Simulation/Saved/Config/Windows/Scalability.ini]
[2019.04.05-20.21.13:004][  0]LogConfig: Setting CVar [[foliage.DensityScale:1.0]]
[2019.04.05-20.21.13:004][  0]LogConfig: Setting CVar [[grass.DensityScale:1.0]]
[2019.04.05-20.21.13:005][  0]LogInit: Selected Device Profile: [Windows]
[2019.04.05-20.21.13:005][  0]LogInit: Applying CVar settings loaded from the selected device profile: [Windows]
[2019.04.05-20.21.13:035][  0]LogHAL: Display: Platform has ~ 16 GB [17101139968 / 17179869184 / 16], which maps to Larger [LargestMinGB=32, LargerMinGB=12, DefaultMinGB=8, SmallerMinGB=6, SmallestMinGB=0)
[2019.04.05-20.21.13:036][  0]LogConfig: Setting CVar [[r.Vulkan.UseRealUBs:1]]
[2019.04.05-20.21.13:036][  0]LogInit: Going up to parent DeviceProfile []
[2019.04.05-20.21.13:036][  0]LogConfig: Applying CVar settings from Section [ViewDistanceQuality@3] File [C:/Users/Jirawat/Documents/GitHub/WEF_Simulation/Saved/Config/Windows/Scalability.ini]
[2019.04.05-20.21.13:036][  0]LogConfig: Setting CVar [[r.SkeletalMeshLODBias:0]]
[2019.04.05-20.21.13:036][  0]LogConfig: Setting CVar [[r.ViewDistanceScale:1.0]]
[2019.04.05-20.21.13:036][  0]LogConfig: Applying CVar settings from Section [AntiAliasingQuality@3] File [C:/Users/Jirawat/Documents/GitHub/WEF_Simulation/Saved/Config/Windows/Scalability.ini]
[2019.04.05-20.21.13:036][  0]LogConfig: Setting CVar [[r.PostProcessAAQuality:4]]
[2019.04.05-20.21.13:036][  0]LogConfig: Applying CVar settings from Section [ShadowQuality@3] File [C:/Users/Jirawat/Documents/GitHub/WEF_Simulation/Saved/Config/Windows/Scalability.ini]
[2019.04.05-20.21.13:036][  0]LogConfig: Setting CVar [[r.LightFunctionQuality:1]]
[2019.04.05-20.21.13:036][  0]LogConfig: Setting CVar [[r.ShadowQuality:5]]
[2019.04.05-20.21.13:036][  0]LogConfig: Setting CVar [[r.Shadow.CSM.MaxCascades:10]]
[2019.04.05-20.21.13:036][  0]LogConfig: Setting CVar [[r.Shadow.MaxResolution:2048]]
[2019.04.05-20.21.13:036][  0]LogConfig: Setting CVar [[r.Shadow.MaxCSMResolution:2048]]
[2019.04.05-20.21.13:037][  0]LogConfig: Setting CVar [[r.Shadow.RadiusThreshold:0.01]]
[2019.04.05-20.21.13:037][  0]LogConfig: Setting CVar [[r.Shadow.DistanceScale:1.0]]
[2019.04.05-20.21.13:037][  0]LogConfig: Setting CVar [[r.Shadow.CSM.TransitionScale:1.0]]
[2019.04.05-20.21.13:037][  0]LogConfig: Setting CVar [[r.Shadow.PreShadowResolutionFactor:1.0]]
[2019.04.05-20.21.13:037][  0]LogConfig: Setting CVar [[r.DistanceFieldShadowing:1]]
[2019.04.05-20.21.13:037][  0]LogConfig: Setting CVar [[r.DistanceFieldAO:1]]
[2019.04.05-20.21.13:037][  0]LogConfig: Setting CVar [[r.AOQuality:2]]
[2019.04.05-20.21.13:037][  0]LogConfig: Setting CVar [[r.VolumetricFog:1]]
[2019.04.05-20.21.13:037][  0]LogConfig: Setting CVar [[r.VolumetricFog.GridPixelSize:8]]
[2019.04.05-20.21.13:037][  0]LogConfig: Setting CVar [[r.VolumetricFog.GridSizeZ:128]]
[2019.04.05-20.21.13:037][  0]LogConfig: Setting CVar [[r.VolumetricFog.HistoryMissSupersampleCount:4]]
[2019.04.05-20.21.13:037][  0]LogConfig: Setting CVar [[r.LightMaxDrawDistanceScale:1]]
[2019.04.05-20.21.13:037][  0]LogConfig: Setting CVar [[r.CapsuleShadows:1]]
[2019.04.05-20.21.13:037][  0]LogConfig: Applying CVar settings from Section [PostProcessQuality@3] File [C:/Users/Jirawat/Documents/GitHub/WEF_Simulation/Saved/Config/Windows/Scalability.ini]
[2019.04.05-20.21.13:037][  0]LogConfig: Setting CVar [[r.MotionBlurQuality:4]]
[2019.04.05-20.21.13:037][  0]LogConfig: Setting CVar [[r.AmbientOcclusionMipLevelFactor:0.4]]
[2019.04.05-20.21.13:037][  0]LogConfig: Setting CVar [[r.AmbientOcclusionMaxQuality:100]]
[2019.04.05-20.21.13:037][  0]LogConfig: Setting CVar [[r.AmbientOcclusionLevels:-1]]
[2019.04.05-20.21.13:037][  0]LogConfig: Setting CVar [[r.AmbientOcclusionRadiusScale:1.0]]
[2019.04.05-20.21.13:037][  0]LogConfig: Setting CVar [[r.DepthOfFieldQuality:2]]
[2019.04.05-20.21.13:037][  0]LogConfig: Setting CVar [[r.RenderTargetPoolMin:400]]
[2019.04.05-20.21.13:037][  0]LogConfig: Setting CVar [[r.LensFlareQuality:2]]
[2019.04.05-20.21.13:037][  0]LogConfig: Setting CVar [[r.SceneColorFringeQuality:1]]
[2019.04.05-20.21.13:037][  0]LogConfig: Setting CVar [[r.EyeAdaptationQuality:2]]
[2019.04.05-20.21.13:037][  0]LogConfig: Setting CVar [[r.BloomQuality:5]]
[2019.04.05-20.21.13:037][  0]LogConfig: Setting CVar [[r.FastBlurThreshold:100]]
[2019.04.05-20.21.13:037][  0]LogConfig: Setting CVar [[r.Upscale.Quality:3]]
[2019.04.05-20.21.13:037][  0]LogConfig: Setting CVar [[r.Tonemapper.GrainQuantization:1]]
[2019.04.05-20.21.13:037][  0]LogConfig: Setting CVar [[r.LightShaftQuality:1]]
[2019.04.05-20.21.13:038][  0]LogConfig: Setting CVar [[r.Filter.SizeScale:1]]
[2019.04.05-20.21.13:038][  0]LogConfig: Setting CVar [[r.Tonemapper.Quality:5]]
[2019.04.05-20.21.13:038][  0]LogConfig: Setting CVar [[r.DOF.Gather.AccumulatorQuality:1        ; higher gathering accumulator quality]]
[2019.04.05-20.21.13:038][  0]LogConfig: Setting CVar [[r.DOF.Gather.PostfilterMethod:1          ; Median3x3 postfilering method]]
[2019.04.05-20.21.13:038][  0]LogConfig: Setting CVar [[r.DOF.Gather.EnableBokehSettings:0       ; no bokeh simulation when gathering]]
[2019.04.05-20.21.13:038][  0]LogConfig: Setting CVar [[r.DOF.Gather.RingCount:4                 ; medium number of samples when gathering]]
[2019.04.05-20.21.13:038][  0]LogConfig: Setting CVar [[r.DOF.Scatter.ForegroundCompositing:1    ; additive foreground scattering]]
[2019.04.05-20.21.13:038][  0]LogConfig: Setting CVar [[r.DOF.Scatter.BackgroundCompositing:2    ; additive background scattering]]
[2019.04.05-20.21.13:038][  0]LogConfig: Setting CVar [[r.DOF.Scatter.EnableBokehSettings:1      ; bokeh simulation when scattering]]
[2019.04.05-20.21.13:038][  0]LogConfig: Setting CVar [[r.DOF.Scatter.MaxSpriteRatio:0.1         ; only a maximum of 10% of scattered bokeh]]
[2019.04.05-20.21.13:038][  0]LogConfig: Setting CVar [[r.DOF.Recombine.Quality:1                ; cheap slight out of focus]]
[2019.04.05-20.21.13:038][  0]LogConfig: Setting CVar [[r.DOF.Recombine.EnableBokehSettings:0    ; no bokeh simulation on slight out of focus]]
[2019.04.05-20.21.13:038][  0]LogConfig: Setting CVar [[r.DOF.TemporalAAQuality:1                ; more stable temporal accumulation]]
[2019.04.05-20.21.13:038][  0]LogConfig: Setting CVar [[r.DOF.Kernel.MaxForegroundRadius:0.025]]
[2019.04.05-20.21.13:038][  0]LogConfig: Setting CVar [[r.DOF.Kernel.MaxBackgroundRadius:0.025]]
[2019.04.05-20.21.13:038][  0]LogConfig: Applying CVar settings from Section [TextureQuality@3] File [C:/Users/Jirawat/Documents/GitHub/WEF_Simulation/Saved/Config/Windows/Scalability.ini]
[2019.04.05-20.21.13:038][  0]LogConfig: Setting CVar [[r.Streaming.MipBias:0]]
[2019.04.05-20.21.13:038][  0]LogConfig: Setting CVar [[r.Streaming.AmortizeCPUToGPUCopy:0]]
[2019.04.05-20.21.13:038][  0]LogConfig: Setting CVar [[r.Streaming.MaxNumTexturesToStreamPerFrame:0]]
[2019.04.05-20.21.13:038][  0]LogConfig: Setting CVar [[r.Streaming.Boost:1]]
[2019.04.05-20.21.13:038][  0]LogConfig: Setting CVar [[r.MaxAnisotropy:8]]
[2019.04.05-20.21.13:038][  0]LogConfig: Setting CVar [[r.Streaming.LimitPoolSizeToVRAM:0]]
[2019.04.05-20.21.13:038][  0]LogConfig: Setting CVar [[r.Streaming.PoolSize:1000]]
[2019.04.05-20.21.13:038][  0]LogConfig: Setting CVar [[r.Streaming.MaxEffectiveScreenSize:0]]
[2019.04.05-20.21.13:038][  0]LogConfig: Applying CVar settings from Section [EffectsQuality@3] File [C:/Users/Jirawat/Documents/GitHub/WEF_Simulation/Saved/Config/Windows/Scalability.ini]
[2019.04.05-20.21.13:038][  0]LogConfig: Setting CVar [[r.TranslucencyLightingVolumeDim:64]]
[2019.04.05-20.21.13:038][  0]LogConfig: Setting CVar [[r.RefractionQuality:2]]
[2019.04.05-20.21.13:038][  0]LogConfig: Setting CVar [[r.SSR.Quality:3]]
[2019.04.05-20.21.13:038][  0]LogConfig: Setting CVar [[r.SceneColorFormat:4]]
[2019.04.05-20.21.13:038][  0]LogConfig: Setting CVar [[r.DetailMode:2]]
[2019.04.05-20.21.13:038][  0]LogConfig: Setting CVar [[r.TranslucencyVolumeBlur:1]]
[2019.04.05-20.21.13:038][  0]LogConfig: Setting CVar [[r.MaterialQualityLevel:1 ; High quality]]
[2019.04.05-20.21.13:038][  0]LogConfig: Setting CVar [[r.SSS.Scale:1]]
[2019.04.05-20.21.13:038][  0]LogConfig: Setting CVar [[r.SSS.SampleSet:2]]
[2019.04.05-20.21.13:038][  0]LogConfig: Setting CVar [[r.SSS.Quality:1]]
[2019.04.05-20.21.13:038][  0]LogConfig: Setting CVar [[r.SSS.HalfRes:1]]
[2019.04.05-20.21.13:038][  0]LogConfig: Setting CVar [[r.EmitterSpawnRateScale:1.0]]
[2019.04.05-20.21.13:038][  0]LogConfig: Setting CVar [[r.ParticleLightQuality:2]]
[2019.04.05-20.21.13:038][  0]LogConfig: Applying CVar settings from Section [FoliageQuality@3] File [C:/Users/Jirawat/Documents/GitHub/WEF_Simulation/Saved/Config/Windows/Scalability.ini]
[2019.04.05-20.21.13:038][  0]LogConfig: Setting CVar [[foliage.DensityScale:1.0]]
[2019.04.05-20.21.13:038][  0]LogConfig: Setting CVar [[grass.DensityScale:1.0]]
[2019.04.05-20.21.13:039][  0]LogConfig: Applying CVar settings from Section [Startup] File [../../../Engine/Config/ConsoleVariables.ini]
[2019.04.05-20.21.13:039][  0]LogConfig: Setting CVar [[net.UseAdaptiveNetUpdateFrequency:0]]
[2019.04.05-20.21.13:039][  0]LogConfig: Applying CVar settings from Section [ConsoleVariables] File [C:/Users/Jirawat/Documents/GitHub/WEF_Simulation/Saved/Config/Windows/Engine.ini]
[2019.04.05-20.21.13:039][  0]LogInit: Computer: DESKTOP-2MBRC76
[2019.04.05-20.21.13:039][  0]LogInit: User: Jirawat
[2019.04.05-20.21.13:039][  0]LogInit: CPU Page size=4096, Cores=4
[2019.04.05-20.21.13:040][  0]LogInit: High frequency timer resolution =2.062501 MHz
[2019.04.05-20.21.13:040][  0]LogMemory: Memory total: Physical=15.9GB (16GB approx)
[2019.04.05-20.21.13:040][  0]LogMemory: Platform Memory Stats for Windows
[2019.04.05-20.21.13:040][  0]LogMemory: Process Physical Memory: 103.35 MB used, 103.35 MB peak
[2019.04.05-20.21.13:040][  0]LogMemory: Process Virtual Memory: 89.82 MB used, 89.82 MB peak
[2019.04.05-20.21.13:040][  0]LogMemory: Physical Memory: 7276.76 MB used,  9032.16 MB free, 16308.92 MB total
[2019.04.05-20.21.13:040][  0]LogMemory: Virtual Memory: 4651.19 MB used,  134213080.00 MB free, 134217728.00 MB total
[2019.04.05-20.21.13:087][  0]LogInit: Using OS detected language (en-US).
[2019.04.05-20.21.13:087][  0]LogInit: Using OS detected locale (en-US).
[2019.04.05-20.21.13:090][  0]LogTextLocalizationManager: No specific localization for 'en-US' exists, so the 'en' localization will be used.
[2019.04.05-20.21.13:953][  0]LogStreaming: Display: Took  0.865s to InitEngineTextLocalization.
[2019.04.05-20.21.13:953][  0]LogInit: Setting process to per monitor DPI aware
[2019.04.05-20.21.14:043][  0]LogSlate: New Slate User Created.  User Index 0, Is Virtual User: 0
[2019.04.05-20.21.14:043][  0]LogSlate: Slate User Registered.  User Index 0, Is Virtual User: 0
[2019.04.05-20.21.14:561][  0]LogHMD: Failed to initialize OpenVR with code 110
[2019.04.05-20.21.14:561][  0]LogD3D11RHI: D3D11 adapters:
[2019.04.05-20.21.14:699][  0]LogD3D11RHI:    0. 'NVIDIA GeForce GTX 1060' (Feature Level 11_0)
[2019.04.05-20.21.14:699][  0]LogD3D11RHI:       6054/0/8154 MB DedicatedVideo/DedicatedSystem/SharedSystem, Outputs:1, VendorId:0x10de
[2019.04.05-20.21.14:726][  0]LogD3D11RHI:    1. 'Intel(R) UHD Graphics 620' (Feature Level 11_0)
[2019.04.05-20.21.14:726][  0]LogD3D11RHI:       128/0/8154 MB DedicatedVideo/DedicatedSystem/SharedSystem, Outputs:0, VendorId:0x8086
[2019.04.05-20.21.14:730][  0]LogD3D11RHI:    2. 'Microsoft Basic Render Driver' (Feature Level 11_0)
[2019.04.05-20.21.14:730][  0]LogD3D11RHI:       0/0/8154 MB DedicatedVideo/DedicatedSystem/SharedSystem, Outputs:0, VendorId:0x1414
[2019.04.05-20.21.14:730][  0]LogD3D11RHI: Chosen D3D11 Adapter: 0
[2019.04.05-20.21.14:797][  0]LogD3D11RHI: Creating new Direct3DDevice
[2019.04.05-20.21.14:798][  0]LogD3D11RHI:     GPU DeviceId: 0x1c20 (for the marketing name, search the web for "GPU Device Id")
[2019.04.05-20.21.14:798][  0]LogWindows: EnumDisplayDevices:
[2019.04.05-20.21.14:799][  0]LogWindows:    0. 'Intel(R) UHD Graphics 620' (P:1 D:1)
[2019.04.05-20.21.14:799][  0]LogWindows:    1. 'Intel(R) UHD Graphics 620' (P:0 D:0)
[2019.04.05-20.21.14:800][  0]LogWindows:    2. 'Intel(R) UHD Graphics 620' (P:0 D:0)
[2019.04.05-20.21.14:800][  0]LogWindows: DebugString: PrimaryIsNotTheChoosenAdapter PrimaryIsNotTheChoosenAdapter PrimaryIsNotTheChoosenAdapter FoundDriverCount:0 
[2019.04.05-20.21.14:800][  0]LogD3D11RHI:     Adapter Name: NVIDIA GeForce GTX 1060
[2019.04.05-20.21.14:800][  0]LogD3D11RHI:   Driver Version: Unknown (internal:Unknown, unified:Unknown)
[2019.04.05-20.21.14:800][  0]LogD3D11RHI:      Driver Date: Unknown
[2019.04.05-20.21.14:800][  0]LogRHI: Texture pool is 4237 MB (70% of 6054 MB)
[2019.04.05-20.21.14:883][  0]LogD3D11RHI: Async texture creation enabled
[2019.04.05-20.21.14:907][  0]LogD3D11RHI: GPU Timing Frequency: 1000.000000 (Debug: 2 2)
[2019.04.05-20.21.15:626][  0]LogTemp: Display: Loaded TP AllDesktopTargetPlatform
[2019.04.05-20.21.15:655][  0]LogTemp: Display: Loaded TP MacClientTargetPlatform
[2019.04.05-20.21.15:686][  0]LogTemp: Display: Loaded TP MacNoEditorTargetPlatform
[2019.04.05-20.21.15:714][  0]LogTemp: Display: Loaded TP MacServerTargetPlatform
[2019.04.05-20.21.15:741][  0]LogTemp: Display: Loaded TP MacTargetPlatform
[2019.04.05-20.21.15:779][  0]LogTemp: Display: Loaded TP WindowsClientTargetPlatform
[2019.04.05-20.21.15:812][  0]LogTemp: Display: Loaded TP WindowsNoEditorTargetPlatform
[2019.04.05-20.21.15:848][  0]LogTemp: Display: Loaded TP WindowsServerTargetPlatform
[2019.04.05-20.21.15:866][  0]LogTemp: Display: Loaded TP WindowsTargetPlatform
[2019.04.05-20.21.16:025][  0]LogTemp: Display: Loaded TP AndroidTargetPlatform
[2019.04.05-20.21.16:025][  0]LogTemp: Display: Loaded TP AndroidTargetPlatform
[2019.04.05-20.21.16:025][  0]LogTemp: Display: Loaded TP AndroidTargetPlatform
[2019.04.05-20.21.16:025][  0]LogTemp: Display: Loaded TP AndroidTargetPlatform
[2019.04.05-20.21.16:025][  0]LogTemp: Display: Loaded TP AndroidTargetPlatform
[2019.04.05-20.21.16:025][  0]LogTemp: Display: Loaded TP AndroidTargetPlatform
[2019.04.05-20.21.16:025][  0]LogTemp: Display: Loaded TP AndroidTargetPlatform
[2019.04.05-20.21.16:025][  0]LogTemp: Display: Loaded TP AndroidTargetPlatform
[2019.04.05-20.21.16:025][  0]LogTemp: Display: Loaded TP AndroidTargetPlatform
[2019.04.05-20.21.16:025][  0]LogTemp: Display: Loaded TP AndroidTargetPlatform
[2019.04.05-20.21.16:025][  0]LogTemp: Display: Loaded TP AndroidTargetPlatform
[2019.04.05-20.21.16:025][  0]LogTemp: Display: Loaded TP AndroidTargetPlatform
[2019.04.05-20.21.16:025][  0]LogTemp: Display: Loaded TP AndroidTargetPlatform
[2019.04.05-20.21.16:025][  0]LogTemp: Display: Loaded TP AndroidTargetPlatform
[2019.04.05-20.21.16:025][  0]LogTemp: Display: Loaded TP AndroidTargetPlatform
[2019.04.05-20.21.16:025][  0]LogTemp: Display: Loaded TP AndroidTargetPlatform
[2019.04.05-20.21.16:025][  0]LogTemp: Display: Loaded TP AndroidTargetPlatform
[2019.04.05-20.21.16:025][  0]LogTemp: Display: Loaded TP AndroidTargetPlatform
[2019.04.05-20.21.16:028][  0]LogTemp: Display: Loaded TP HTML5TargetPlatform
[2019.04.05-20.21.16:127][  0]LogTemp: Display: Loaded TP IOSTargetPlatform
[2019.04.05-20.21.16:127][  0]LogTemp: Display: Loaded TP IOSTargetPlatform
[2019.04.05-20.21.16:182][  0]LogTemp: Display: Loaded TP TVOSTargetPlatform
[2019.04.05-20.21.16:182][  0]LogTemp: Display: Loaded TP TVOSTargetPlatform
[2019.04.05-20.21.16:215][  0]LogTemp: Display: Loaded TP LinuxClientTargetPlatform
[2019.04.05-20.21.16:247][  0]LogTemp: Display: Loaded TP LinuxNoEditorTargetPlatform
[2019.04.05-20.21.16:280][  0]LogTemp: Display: Loaded TP LinuxServerTargetPlatform
[2019.04.05-20.21.16:309][  0]LogTemp: Display: Loaded TP LinuxTargetPlatform
[2019.04.05-20.21.16:406][  0]LogTemp: Display: Loaded TP LuminTargetPlatform
[2019.04.05-20.21.16:406][  0]LogTemp: Display: Loaded TP LuminTargetPlatform
[2019.04.05-20.21.16:406][  0]LogTargetPlatformManager: Display: Building Assets For Windows
[2019.04.05-20.21.16:553][  0]LogShaderCompilers: Guid format shader working directory is -16 characters bigger than the processId version (../../../../../../Users/Jirawat/Documents/GitHub/WEF_Simulation/Intermediate/Shaders/WorkingDirectory/18112/).
[2019.04.05-20.21.16:553][  0]LogShaderCompilers: Cleaned the shader compiler working directory 'C:/Users/Jirawat/AppData/Local/Temp/UnrealShaderWorkingDir/B1A5DE5E47E6D06930B4EBBD9EB0E2C4/'.
[2019.04.05-20.21.16:560][  0]LogXGEController: Cleaning working directory: C:/Users/Jirawat/AppData/Local/Temp/UnrealXGEWorkingDir/
[2019.04.05-20.21.16:561][  0]LogXGEController: Cannot use XGE Controller as Incredibuild is not installed on this machine.
[2019.04.05-20.21.16:561][  0]LogShaderCompilers: Cannot use XGE Shader Compiler as Incredibuild is not installed on this machine.
[2019.04.05-20.21.16:561][  0]LogShaderCompilers: Display: Using Local Shader Compiler.
[2019.04.05-20.21.17:776][  0]LogDerivedDataCache: Display: Max Cache Size: 512 MB
[2019.04.05-20.21.17:889][  0]LogDerivedDataCache: Loaded boot cache 0.11s 72MB C:/Users/Jirawat/AppData/Local/UnrealEngine/4.21/DerivedDataCache/Boot.ddc.
[2019.04.05-20.21.17:889][  0]LogDerivedDataCache: Display: Loaded Boot cache: C:/Users/Jirawat/AppData/Local/UnrealEngine/4.21/DerivedDataCache/Boot.ddc
[2019.04.05-20.21.17:890][  0]LogDerivedDataCache: FDerivedDataBackendGraph:  Pak pak cache file ../../../../../../Users/Jirawat/Documents/GitHub/WEF_Simulation/DerivedDataCache/DDC.ddp not found, will not use a pak cache.
[2019.04.05-20.21.17:890][  0]LogDerivedDataCache: Unable to find inner node Pak for hierarchical cache Hierarchy.
[2019.04.05-20.21.17:890][  0]LogDerivedDataCache: FDerivedDataBackendGraph:  CompressedPak pak cache file ../../../../../../Users/Jirawat/Documents/GitHub/WEF_Simulation/DerivedDataCache/Compressed.ddp not found, will not use a pak cache.
[2019.04.05-20.21.17:890][  0]LogDerivedDataCache: Unable to find inner node CompressedPak for hierarchical cache Hierarchy.
[2019.04.05-20.21.17:890][  0]LogDerivedDataCache: FDerivedDataBackendGraph:  EnginePak pak cache file ../../../Engine/DerivedDataCache/Compressed.ddp not found, will not use a pak cache.
[2019.04.05-20.21.17:890][  0]LogDerivedDataCache: Unable to find inner node EnginePak for hierarchical cache Hierarchy.
[2019.04.05-20.21.17:898][  0]LogDerivedDataCache: Display: Pak cache opened for reading ../../../Enterprise/DerivedDataCache/Compressed.ddp.
[2019.04.05-20.21.17:911][  0]LogDerivedDataCache: Using Local data cache path C:/Users/Jirawat/AppData/Local/UnrealEngine/Common/DerivedDataCache: Writable
[2019.04.05-20.21.17:911][  0]LogDerivedDataCache: Shared data cache path not found in *engine.ini, will not use an Shared cache.
[2019.04.05-20.21.17:911][  0]LogDerivedDataCache: Unable to find inner node Shared for hierarchical cache Hierarchy.
[2019.04.05-20.21.17:957][  0]LogMaterial: Verifying Global Shaders for PCD3D_SM5
[2019.04.05-20.21.17:960][  0]LogSlate: Using FreeType 2.6.0
[2019.04.05-20.21.17:961][  0]LogSlate: SlateFontServices - WITH_FREETYPE: 1, WITH_HARFBUZZ: 1
[2019.04.05-20.21.18:108][  0]LogAssetRegistry: FAssetRegistry took 0.0456 seconds to start up
[2019.04.05-20.21.18:889][  0]LogInit: Selected Device Profile: [Windows]
[2019.04.05-20.21.19:221][  0]LogSimplygon: Simplygon DLL not present - disabling.
[2019.04.05-20.21.19:229][  0]LogMeshReduction: Using SimplygonSwarm for distributed automatic mesh merging
[2019.04.05-20.21.19:229][  0]LogMeshReduction: Using ProxyLODMeshReduction for automatic mesh merging
[2019.04.05-20.21.19:229][  0]LogMeshReduction: Using QuadricMeshReduction for automatic static mesh reduction
[2019.04.05-20.21.19:229][  0]LogMeshReduction: No automatic skeletal mesh reduction module available
[2019.04.05-20.21.19:256][  0]LogNetVersion: WEF_Simulation 1.0.0, NetCL: 4541578, EngineNetVer: 5, GameNetVer: 0 (Checksum: 2076420796)
[2019.04.05-20.21.20:437][  0]LogPackageLocalizationCache: Processed 14 localized package path(s) for 2 prioritized culture(s) in 0.253730 seconds
[2019.04.05-20.21.20:450][  0]LogUObjectArray: 39775 objects as part of root set at end of initial load.
[2019.04.05-20.21.20:450][  0]LogUObjectAllocator: 6914656 out of 0 bytes used by permanent object pool.
[2019.04.05-20.21.20:450][  0]LogUObjectArray: CloseDisregardForGC: 0/0 objects in disregard for GC pool
[2019.04.05-20.21.22:319][  0]LogTcpMessaging: Initializing TcpMessaging bridge
[2019.04.05-20.21.22:374][  0]LogUdpMessaging: Initializing bridge on interface 0.0.0.0:0 to multicast group 230.0.0.1:6666.
[2019.04.05-20.21.23:914][  0]SourceControl: Source control is disabled
[2019.04.05-20.21.23:915][  0]SourceControl: Source control is disabled
[2019.04.05-20.21.23:917][  0]SourceControl: Source control is disabled
[2019.04.05-20.21.23:919][  0]SourceControl: Source control is disabled
[2019.04.05-20.21.24:216][  0]LogAndroidPermission: UAndroidPermissionCallbackProxy::GetInstance
[2019.04.05-20.21.24:357][  0]LogOcInput: OculusInput pre-init called
[2019.04.05-20.21.24:466][  0]LogTexture: Display: Building textures: 127grey (AutoDXT, 64X64)
[2019.04.05-20.21.24:466][  0]LogMaterial: Display: Missing cached shader map for material RevitMaster, compiling. 
[2019.04.05-20.21.24:620][  0]LogShaderCompilers: Display: Shaders left to compile 22
[2019.04.05-20.21.24:620][  0]LogShaderCompilers: Display: Shaders left to compile 12
[2019.04.05-20.21.24:620][  0]LogShaderCompilers: Display: Shaders left to compile 2
[2019.04.05-20.21.24:620][  0]LogTexture: Display: Building textures: FlatNormal (BC5, 16X16)
[2019.04.05-20.21.24:620][  0]LogMaterial: Display: Missing cached shader map for material SketchUpMaster, compiling. 
[2019.04.05-20.21.24:706][  0]LogShaderCompilers: Display: Shaders left to compile 22
[2019.04.05-20.21.24:707][  0]LogShaderCompilers: Display: Shaders left to compile 12
[2019.04.05-20.21.24:707][  0]LogMaterial: Display: Missing cached shader map for material CE_OpaqueMaster, compiling. 
[2019.04.05-20.21.24:782][  0]LogMaterial: Display: Missing cached shader map for material CE_OpacityMaster, compiling. 
[2019.04.05-20.21.24:979][  0]LogMaterial: Display: Missing cached shader map for material CE_OpacitySimpleMaster, compiling. 
[2019.04.05-20.21.26:609][  0]LogShaderCompilers: Display: Shaders left to compile 100
[2019.04.05-20.21.26:967][  0]LogMaterial: Display: Missing cached shader map for material Datasmith_Color, compiling. 
[2019.04.05-20.21.27:049][  0]LogMaterial: Display: Missing cached shader map for material Datasmith_Material, compiling. 
[2019.04.05-20.21.28:900][  0]LogEngine: Initializing Engine...
[2019.04.05-20.21.28:902][  0]LogHMD: Failed to initialize OpenVR with code 110
[2019.04.05-20.21.28:905][  0]LogStats: UGameplayTagsManager::ConstructGameplayTagTree: ImportINI prefixes -  0.000 s
[2019.04.05-20.21.28:906][  0]LogStats: UGameplayTagsManager::ConstructGameplayTagTree: Construct from data asset -  0.000 s
[2019.04.05-20.21.28:906][  0]LogStats: UGameplayTagsManager::ConstructGameplayTagTree: ImportINI -  0.000 s
[2019.04.05-20.21.28:906][  0]LogStats: UGameplayTagsManager::ConstructGameplayTagTree: GameplayTagTreeChangedEvent.Broadcast -  0.000 s
[2019.04.05-20.21.29:712][  0]LogInit: Initializing FReadOnlyCVARCache
[2019.04.05-20.21.29:757][  0]LogAIModule: Creating AISystem for world Untitled
[2019.04.05-20.21.29:780][  0]LogInit: XAudio2 using 'Speakers (Realtek High Definition Audio(SST))' : 2 channels at 48 kHz using 32 bits per sample (channel mask 0x3)
[2019.04.05-20.21.30:200][  0]LogInit: FAudioDevice initialized.
[2019.04.05-20.21.30:200][  0]LogNetVersion: Set ProjectVersion to 1.0.0.0. Version Checksum will be recalculated on next use.
[2019.04.05-20.21.30:453][  0]LogDerivedDataCache: Saved boot cache 0.25s 72MB C:/Users/Jirawat/AppData/Local/UnrealEngine/4.21/DerivedDataCache/Boot.ddc.
[2019.04.05-20.21.30:491][  0]LogInit: Texture streaming: Enabled
[2019.04.05-20.21.30:552][  0]LogEngineSessionManager: EngineSessionManager initialized
[2019.04.05-20.21.30:607][  0]LogInit: Transaction tracking system initialized
[2019.04.05-20.21.30:730][  0]BlueprintLog: New page: Editor Load
[2019.04.05-20.21.31:176][  0]LogShaderCompilers: Display: Shaders left to compile 134
[2019.04.05-20.21.31:177][  0]LocalizationService: Localization service is disabled
[2019.04.05-20.21.32:723][  0]LogShaderCompilers: Display: Shaders left to compile 124
[2019.04.05-20.21.32:723][  0]LogFileCache: Scanning file cache for directory 'C:/Users/Jirawat/Documents/GitHub/WEF_Simulation/Content/' took 0.01s
[2019.04.05-20.21.32:723][  0]LogCook: Display: Max memory allowance for cook 16384mb min free memory 0mb
[2019.04.05-20.21.32:723][  0]LogCook: Display: Mobile HDR setting 1
[2019.04.05-20.21.32:723][  0]LogGameplayTags: Display: UGameplayTagsManager::DoneAddingNativeTags. DelegateIsBound: 0
[2019.04.05-20.21.32:723][  0]LogStats: UGameplayTagsManager::ConstructGameplayTagTree: ImportINI prefixes -  0.000 s
[2019.04.05-20.21.32:723][  0]LogStats: UGameplayTagsManager::ConstructGameplayTagTree: Construct from data asset -  0.000 s
[2019.04.05-20.21.32:724][  0]LogStats: UGameplayTagsManager::ConstructGameplayTagTree: ImportINI -  0.000 s
[2019.04.05-20.21.32:724][  0]LogStats: UGameplayTagsManager::ConstructGameplayTagTree: GameplayTagTreeChangedEvent.Broadcast -  0.000 s
[2019.04.05-20.21.34:034][  0]LogTexture: Display: Building textures: T_Default_Normal (BC5, 2048X2048)
[2019.04.05-20.21.34:041][  0]LogMaterial: Display: Missing cached shader map for material VREDMaster, compiling. 
[2019.04.05-20.21.34:200][  0]LogMaterial: Display: Missing cached shader map for material VREDMasterTransparent, compiling. 
[2019.04.05-20.21.35:760][  0]LogShaderCompilers: Display: Shaders left to compile 178
[2019.04.05-20.21.35:833][  0]LogMaterial: Display: Missing cached shader map for material DeltaGenMaster, compiling. 
[2019.04.05-20.21.35:897][  0]LogMaterial: Display: Missing cached shader map for material DeltaGenMasterTransparent, compiling. 
[2019.04.05-20.21.37:409][  0]LogShaderCompilers: Display: Shaders left to compile 223
[2019.04.05-20.21.37:548][  0]SourceControl: Source control is disabled
[2019.04.05-20.21.37:548][  0]Cmd: MAP LOAD FILE="../../../Engine/Content/Maps/Templates/Template_Default.umap" TEMPLATE=1 SHOWPROGRESS=1 FEATURELEVEL=3
[2019.04.05-20.21.37:549][  0]LightingResults: New page: Lighting Build
[2019.04.05-20.21.37:556][  0]MapCheck: New page: Map Check
[2019.04.05-20.21.37:556][  0]LightingResults: New page: Lighting Build
[2019.04.05-20.21.38:058][  0]LogShaderCompilers: Display: Shaders left to compile 213
[2019.04.05-20.21.38:066][  0]LogAIModule: Creating AISystem for world Untitled_1
[2019.04.05-20.21.38:102][  0]LogEditorServer: Finished looking for orphan Actors (0.000 secs)
[2019.04.05-20.21.38:165][  0]Cmd: MAP CHECKDEP NOCLEARLOG
[2019.04.05-20.21.38:165][  0]MapCheck: Map check complete: 0 Error(s), 0 Warning(s), took 0.301ms to complete.
[2019.04.05-20.21.38:165][  0]LogFileHelpers: Loading map 'Template_Default' took 0.617
[2019.04.05-20.21.38:411][  0]LogSlate: Updating window title bar state: overlay mode, drag disabled, window buttons hidden, title bar hidden
[2019.04.05-20.21.38:436][  0]LogSlate: Updating window title bar state: overlay mode, drag disabled, window buttons hidden, title bar hidden
[2019.04.05-20.21.38:464][  0]LogSlate: Updating window title bar state: overlay mode, drag disabled, window buttons hidden, title bar hidden
[2019.04.05-20.21.38:489][  0]LogSlate: Updating window title bar state: overlay mode, drag disabled, window buttons hidden, title bar hidden
[2019.04.05-20.21.38:517][  0]LogCollectionManager: Loaded 0 collections in 0.006144 seconds
[2019.04.05-20.21.38:570][  0]LogFileCache: Scanning file cache for directory 'C:/Users/Jirawat/Documents/GitHub/WEF_Simulation/Saved/Collections/' took 0.01s
[2019.04.05-20.21.38:570][  0]LogFileCache: Scanning file cache for directory 'C:/Users/Jirawat/Documents/GitHub/WEF_Simulation/Content/Developers/Jirawat/Collections/' took 0.01s
[2019.04.05-20.21.38:570][  0]LogFileCache: Scanning file cache for directory 'C:/Users/Jirawat/Documents/GitHub/WEF_Simulation/Content/Collections/' took 0.01s
[2019.04.05-20.21.38:570][  0]LogCollectionManager: Rebuilt the GUID cache for 0 collections in 0.000000 seconds
[2019.04.05-20.21.38:600][  0]LogContentBrowser: Native class hierarchy populated in 0.0287 seconds. Added 2709 classes and 653 folders.
[2019.04.05-20.21.38:621][  0]LogContentBrowser: Native class hierarchy updated for 'WidgetCarousel' in 0.0007 seconds. Added 0 classes and 0 folders.
[2019.04.05-20.21.38:645][  0]LogPakFile: Registered encryption key '00000000000000000000000000000000': 0 pak files mounted, 0 remain pending
[2019.04.05-20.21.38:661][  0]LogPakFile: Registered encryption key '00000000000000000000000000000000': 0 pak files mounted, 0 remain pending
[2019.04.05-20.21.38:712][  0]LogPakFile: Registered encryption key '00000000000000000000000000000000': 0 pak files mounted, 0 remain pending
[2019.04.05-20.21.38:730][  0]LogPakFile: Registered encryption key '00000000000000000000000000000000': 0 pak files mounted, 0 remain pending
[2019.04.05-20.21.38:741][  0]LogPakFile: Registered encryption key '00000000000000000000000000000000': 0 pak files mounted, 0 remain pending
[2019.04.05-20.21.38:755][  0]LogPakFile: Registered encryption key '00000000000000000000000000000000': 0 pak files mounted, 0 remain pending
[2019.04.05-20.21.38:769][  0]LogPakFile: Registered encryption key '00000000000000000000000000000000': 0 pak files mounted, 0 remain pending
[2019.04.05-20.21.38:783][  0]LogPakFile: Registered encryption key '00000000000000000000000000000000': 0 pak files mounted, 0 remain pending
[2019.04.05-20.21.38:799][  0]LogPakFile: Registered encryption key '00000000000000000000000000000000': 0 pak files mounted, 0 remain pending
[2019.04.05-20.21.38:817][  0]LogPakFile: Registered encryption key '00000000000000000000000000000000': 0 pak files mounted, 0 remain pending
[2019.04.05-20.21.38:831][  0]LogPakFile: Registered encryption key '00000000000000000000000000000000': 0 pak files mounted, 0 remain pending
[2019.04.05-20.21.38:843][  0]LogPakFile: Registered encryption key '00000000000000000000000000000000': 0 pak files mounted, 0 remain pending
[2019.04.05-20.21.38:857][  0]LogPakFile: Registered encryption key '00000000000000000000000000000000': 0 pak files mounted, 0 remain pending
[2019.04.05-20.21.38:871][  0]LogPakFile: Registered encryption key '00000000000000000000000000000000': 0 pak files mounted, 0 remain pending
[2019.04.05-20.21.38:884][  0]LogPakFile: Registered encryption key '00000000000000000000000000000000': 0 pak files mounted, 0 remain pending
[2019.04.05-20.21.38:901][  0]LogPakFile: Registered encryption key '00000000000000000000000000000000': 0 pak files mounted, 0 remain pending
[2019.04.05-20.21.38:976][  0]LogPakFile: Registered encryption key '00000000000000000000000000000000': 0 pak files mounted, 0 remain pending
[2019.04.05-20.21.38:992][  0]LogPakFile: Registered encryption key '00000000000000000000000000000000': 0 pak files mounted, 0 remain pending
[2019.04.05-20.21.39:007][  0]LogPakFile: Registered encryption key '00000000000000000000000000000000': 0 pak files mounted, 0 remain pending
[2019.04.05-20.21.39:023][  0]LogPakFile: Registered encryption key '00000000000000000000000000000000': 0 pak files mounted, 0 remain pending
[2019.04.05-20.21.39:135][  0]LogPakFile: Registered encryption key '00000000000000000000000000000000': 0 pak files mounted, 0 remain pending
[2019.04.05-20.21.39:153][  0]LogPakFile: Registered encryption key '00000000000000000000000000000000': 0 pak files mounted, 0 remain pending
[2019.04.05-20.21.39:171][  0]LogPakFile: Registered encryption key '00000000000000000000000000000000': 0 pak files mounted, 0 remain pending
[2019.04.05-20.21.39:190][  0]LogPakFile: Registered encryption key '00000000000000000000000000000000': 0 pak files mounted, 0 remain pending
[2019.04.05-20.21.39:209][  0]LogPakFile: Registered encryption key '00000000000000000000000000000000': 0 pak files mounted, 0 remain pending
[2019.04.05-20.21.39:227][  0]LogPakFile: Registered encryption key '00000000000000000000000000000000': 0 pak files mounted, 0 remain pending
[2019.04.05-20.21.39:244][  0]LogPakFile: Registered encryption key '00000000000000000000000000000000': 0 pak files mounted, 0 remain pending
[2019.04.05-20.21.39:246][  0]LogPakFile: Registered encryption key '00000000000000000000000000000000': 0 pak files mounted, 0 remain pending
[2019.04.05-20.21.39:680][  0]LogContentBrowser: Native class hierarchy updated for 'AddContentDialog' in 0.0006 seconds. Added 0 classes and 0 folders.
[2019.04.05-20.21.39:696][  0]LogContentBrowser: Native class hierarchy updated for 'SceneOutliner' in 0.0008 seconds. Added 1 classes and 2 folders.
[2019.04.05-20.21.39:734][  0]LogSlate: Took 0.000751 seconds to synchronously load lazily loaded font '../../../Engine/Content/Slate/Fonts/Roboto-Regular.ttf' (155K)
[2019.04.05-20.21.39:745][  0]LogSlate: Took 0.000474 seconds to synchronously load lazily loaded font '../../../Engine/Content/Slate/Fonts/Roboto-Bold.ttf' (160K)
[2019.04.05-20.21.39:779][  0]LogSlate: Took 0.018624 seconds to synchronously load lazily loaded font '../../../Engine/Content/Editor/Slate/Fonts/FontAwesome.ttf' (139K)
[2019.04.05-20.21.40:133][  0]LogShaderCompilers: Display: Shaders left to compile 203
[2019.04.05-20.21.40:133][  0]LogRenderer: Reallocating scene render targets to support 1020x576 Format 10 NumSamples 1 (Frame:1).
[2019.04.05-20.21.40:631][  0]LogContentBrowser: Native class hierarchy updated for 'HierarchicalLODOutliner' in 0.0007 seconds. Added 0 classes and 0 folders.
[2019.04.05-20.21.40:631][  0]LogLoad: (Engine Initialization) Total time: 31.85 seconds
[2019.04.05-20.21.40:631][  0]LogLoad: (Engine Initialization) Total Blueprint compile time: 0.00 seconds
[2019.04.05-20.21.40:652][  0]LogWindowsTextInputMethodSystem: Display: IME system now deactivated.
[2019.04.05-20.21.40:792][  0]LogContentStreaming: Texture pool size now 1000 MB
[2019.04.05-20.21.41:063][  2]LogAssetRegistry: Asset discovery search completed in 22.9778 seconds
[2019.04.05-20.21.41:068][  2]LogCollectionManager: Rebuilt the object cache for 0 collections in 0.000000 seconds (found 0 objects)
[2019.04.05-20.21.41:068][  2]LogCollectionManager: Fixed up redirectors for 0 collections in 0.000147 seconds (updated 0 objects)
[2019.04.05-20.21.41:161][  4]LogShaderCompilers: Display: Shaders left to compile 193
[2019.04.05-20.21.50:903][489]LogShaderCompilers: Display: Shaders left to compile 183
[2019.04.05-20.22.11:183][515]LogShaderCompilers: Display: Shaders left to compile 173
[2019.04.05-20.22.12:355][574]LogShaderCompilers: Display: Shaders left to compile 163
[2019.04.05-20.22.25:530][ 39]LogShaderCompilers: Display: Shaders left to compile 153
[2019.04.05-20.22.27:701][102]LogShaderCompilers: Display: Shaders left to compile 143
[2019.04.05-20.22.34:721][351]LogShaderCompilers: Display: Shaders left to compile 133
[2019.04.05-20.22.37:648][506]LogShaderCompilers: Display: Shaders left to compile 123
[2019.04.05-20.22.41:355][690]LogShaderCompilers: Display: Shaders left to compile 113
[2019.04.05-20.22.46:224][907]LogShaderCompilers: Display: Shaders left to compile 103
[2019.04.05-20.22.46:493][922]LogShaderCompilers: Display: Shaders left to compile 93
[2019.04.05-20.22.52:060][220]LogShaderCompilers: Display: Shaders left to compile 83
[2019.04.05-20.22.53:943][324]LogShaderCompilers: Display: Shaders left to compile 73
[2019.04.05-20.22.59:429][612]LogShaderCompilers: Display: Shaders left to compile 63
[2019.04.05-20.23.03:524][816]LogShaderCompilers: Display: Shaders left to compile 53
[2019.04.05-20.23.10:740][196]LogShaderCompilers: Display: Shaders left to compile 43
[2019.04.05-20.23.21:665][776]LogShaderCompilers: Display: Shaders left to compile 33
[2019.04.05-20.23.40:080][736]LogShaderCompilers: Display: Shaders left to compile 23
[2019.04.05-20.23.41:550][815]LogShaderCompilers: Display: Shaders left to compile 13
[2019.04.05-20.23.46:187][ 59]LogShaderCompilers: Display: Shaders left to compile 3
[2019.04.05-20.24.42:298][267]LogSlate: FSceneViewport::OnFocusLost() reason 0
[2019.04.05-20.24.42:667][270]LogSlate: Window 'WEF_Simulation - Unreal Editor' being destroyed
[2019.04.05-20.24.42:669][270]LogWindowsTextInputMethodSystem: Display: IME system now deactivated.
[2019.04.05-20.24.43:147][271]Cmd: QUIT_EDITOR
[2019.04.05-20.24.43:285][271]LogExit: Preparing to exit.
[2019.04.05-20.24.43:659][271]LogExit: Editor shut down
[2019.04.05-20.24.43:661][271]LogExit: Transaction tracking system shut down
[2019.04.05-20.24.44:147][271]LogExit: Object subsystem successfully closed.
[2019.04.05-20.24.44:206][271]LogShaderCompilers: Display: Shaders left to compile 0
[2019.04.05-20.24.44:217][271]LogD3D11RHI: Shutdown
[2019.04.05-20.24.44:217][271]LogD3D11RHI: CleanupD3DDevice
[2019.04.05-20.24.44:221][271]LogD3D11RHI: ~FD3D11DynamicRHI
[2019.04.05-20.24.44:370][271]LogModuleManager: Shutting down and abandoning module HierarchicalLODOutliner (646)
[2019.04.05-20.24.44:371][271]LogModuleManager: Shutting down and abandoning module SceneOutliner (644)
[2019.04.05-20.24.44:371][271]LogModuleManager: Shutting down and abandoning module AddContentDialog (642)
[2019.04.05-20.24.44:372][271]LogModuleManager: Shutting down and abandoning module WidgetCarousel (641)
[2019.04.05-20.24.44:373][271]LogModuleManager: Shutting down and abandoning module EditorWidgets (638)
[2019.04.05-20.24.44:373][271]LogModuleManager: Shutting down and abandoning module CollectionManager (636)
[2019.04.05-20.24.44:374][271]LogModuleManager: Shutting down and abandoning module HierarchicalLODUtilities (634)
[2019.04.05-20.24.44:374][271]LogModuleManager: Shutting down and abandoning module StatsViewer (632)
[2019.04.05-20.24.44:374][271]LogModuleManager: Shutting down and abandoning module FoliageEdit (630)
[2019.04.05-20.24.44:374][271]LogModuleManager: Shutting down and abandoning module LandscapeEditor (628)
[2019.04.05-20.24.44:374][271]LogModuleManager: Shutting down and abandoning module MeshPaintMode (626)
[2019.04.05-20.24.44:374][271]LogModuleManager: Shutting down and abandoning module SceneDepthPickerMode (624)
[2019.04.05-20.24.44:374][271]LogModuleManager: Shutting down and abandoning module ActorPickerMode (622)
[2019.04.05-20.24.44:375][271]LogModuleManager: Shutting down and abandoning module GeometryMode (620)
[2019.04.05-20.24.44:375][271]LogModuleManager: Shutting down and abandoning module TextureAlignMode (618)
[2019.04.05-20.24.44:375][271]LogModuleManager: Shutting down and abandoning module BspMode (616)
[2019.04.05-20.24.44:375][271]LogModuleManager: Shutting down and abandoning module PIEPreviewDeviceProfileSelector (614)
[2019.04.05-20.24.44:375][271]LogModuleManager: Shutting down and abandoning module SequenceRecorderSections (612)
[2019.04.05-20.24.44:375][271]LogModuleManager: Shutting down and abandoning module AutomationWorker (610)
[2019.04.05-20.24.44:375][271]LogModuleManager: Shutting down and abandoning module DatasmithFBXImporter (608)
[2019.04.05-20.24.44:375][271]LogModuleManager: Shutting down and abandoning module DatasmithDeltaGenImporter (606)
[2019.04.05-20.24.44:375][271]LogModuleManager: Shutting down and abandoning module DatasmithVREDImporter (604)
[2019.04.05-20.24.44:375][271]LogModuleManager: Shutting down and abandoning module AudioCaptureEditor (602)
[2019.04.05-20.24.44:376][271]LogModuleManager: Shutting down and abandoning module MatineeToLevelSequence (600)
[2019.04.05-20.24.44:376][271]LogModuleManager: Shutting down and abandoning module LevelSequenceEditor (598)
[2019.04.05-20.24.44:376][271]LogModuleManager: Shutting down and abandoning module PlacementMode (597)
[2019.04.05-20.24.44:376][271]LogModuleManager: Shutting down and abandoning module MaterialEditor (596)
[2019.04.05-20.24.44:376][271]LogModuleManager: Shutting down and abandoning module WmfMediaFactory (592)
[2019.04.05-20.24.44:376][271]LogModuleManager: Shutting down and abandoning module WmfMediaEditor (590)
[2019.04.05-20.24.44:376][271]LogModuleManager: Shutting down and abandoning module WebMMediaFactory (588)
[2019.04.05-20.24.44:376][271]LogModuleManager: Shutting down and abandoning module WebMMediaEditor (586)
[2019.04.05-20.24.44:376][271]LogModuleManager: Shutting down and abandoning module WebMMedia (584)
[2019.04.05-20.24.44:377][271]LogModuleManager: Shutting down and abandoning module MediaPlayerEditor (582)
[2019.04.05-20.24.44:377][271]LogModuleManager: Shutting down and abandoning module MediaCompositingEditor (580)
[2019.04.05-20.24.44:377][271]LogModuleManager: Shutting down and abandoning module SequenceRecorder (579)
[2019.04.05-20.24.44:377][271]LogModuleManager: Shutting down and abandoning module OpenExrWrapper (576)
[2019.04.05-20.24.44:377][271]LogModuleManager: Shutting down and abandoning module ImgMediaFactory (574)
[2019.04.05-20.24.44:377][271]LogModuleManager: Shutting down and abandoning module ImgMediaEditor (572)
[2019.04.05-20.24.44:377][271]LogModuleManager: Shutting down and abandoning module AvfMediaFactory (570)
[2019.04.05-20.24.44:377][271]LogModuleManager: Shutting down and abandoning module AvfMediaEditor (568)
[2019.04.05-20.24.44:377][271]LogModuleManager: Shutting down and abandoning module AndroidMediaFactory (566)
[2019.04.05-20.24.44:377][271]LogModuleManager: Shutting down and abandoning module AndroidMediaEditor (564)
[2019.04.05-20.24.44:378][271]LogModuleManager: Shutting down and abandoning module MagicLeapCameraPreviewFactory (562)
[2019.04.05-20.24.44:378][271]LogModuleManager: Shutting down and abandoning module MagicLeapMediaFactory (560)
[2019.04.05-20.24.44:378][271]LogModuleManager: Shutting down and abandoning module MagicLeapMediaEditor (558)
[2019.04.05-20.24.44:378][271]LogModuleManager: Shutting down and abandoning module CharacterAI (556)
[2019.04.05-20.24.44:378][271]LogModuleManager: Shutting down and abandoning module SmartSnapping (554)
[2019.04.05-20.24.44:378][271]LogModuleManager: Shutting down and abandoning module SessionServices (552)
[2019.04.05-20.24.44:378][271]LogModuleManager: Shutting down and abandoning module ViewportSnapping (550)
[2019.04.05-20.24.44:378][271]LogModuleManager: Shutting down and abandoning module ViewportInteraction (548)
[2019.04.05-20.24.44:378][271]LogModuleManager: Shutting down and abandoning module ClothPainter (546)
[2019.04.05-20.24.44:378][271]LogModuleManager: Shutting down and abandoning module SkeletalMeshEditor (545)
[2019.04.05-20.24.44:379][271]LogModuleManager: Shutting down and abandoning module LogVisualizer (542)
[2019.04.05-20.24.44:379][271]LogModuleManager: Shutting down and abandoning module IntroTutorials (540)
[2019.04.05-20.24.44:379][271]LogModuleManager: Shutting down and abandoning module GameProjectGeneration (539)
[2019.04.05-20.24.44:379][271]LogModuleManager: Shutting down and abandoning module LuminPlatformEditor (536)
[2019.04.05-20.24.44:380][271]LogModuleManager: Shutting down and abandoning module IOSPlatformEditor (534)
[2019.04.05-20.24.44:380][271]LogModuleManager: Shutting down and abandoning module HTML5PlatformEditor (532)
[2019.04.05-20.24.44:380][271]LogModuleManager: Shutting down and abandoning module AndroidPlatformEditor (530)
[2019.04.05-20.24.44:380][271]LogModuleManager: Shutting down and abandoning module AndroidDeviceDetection (529)
[2019.04.05-20.24.45:098][271]LogModuleManager: Shutting down and abandoning module WindowsPlatformEditor (526)
[2019.04.05-20.24.45:098][271]LogModuleManager: Shutting down and abandoning module LuminRuntimeSettings (524)
[2019.04.05-20.24.45:098][271]LogModuleManager: Shutting down and abandoning module IOSRuntimeSettings (522)
[2019.04.05-20.24.45:098][271]LogModuleManager: Shutting down and abandoning module AndroidRuntimeSettings (520)
[2019.04.05-20.24.45:098][271]LogModuleManager: Shutting down and abandoning module TimeManagementEditor (518)
[2019.04.05-20.24.45:098][271]LogModuleManager: Shutting down and abandoning module InputBindingEditor (516)
[2019.04.05-20.24.45:098][271]LogModuleManager: Shutting down and abandoning module MergeActors (514)
[2019.04.05-20.24.45:098][271]LogModuleManager: Shutting down and abandoning module LocalizationDashboard (512)
[2019.04.05-20.24.45:099][271]LogModuleManager: Shutting down and abandoning module LocalizationService (511)
[2019.04.05-20.24.45:099][271]LogModuleManager: Shutting down and abandoning module HardwareTargeting (508)
[2019.04.05-20.24.45:099][271]LogModuleManager: Shutting down and abandoning module DeviceProfileEditor (506)
[2019.04.05-20.24.45:099][271]LogModuleManager: Shutting down and abandoning module UndoHistory (504)
[2019.04.05-20.24.45:099][271]LogModuleManager: Shutting down and abandoning module XmlParser (502)
[2019.04.05-20.24.45:099][271]LogModuleManager: Shutting down and abandoning module Blutility (500)
[2019.04.05-20.24.45:099][271]LogModuleManager: Shutting down and abandoning module ProjectSettingsViewer (498)
[2019.04.05-20.24.45:099][271]LogModuleManager: Shutting down and abandoning module ProjectTargetPlatformEditor (497)
[2019.04.05-20.24.45:099][271]LogModuleManager: Shutting down and abandoning module EditorSettingsViewer (494)
[2019.04.05-20.24.45:100][271]LogModuleManager: Shutting down and abandoning module SettingsEditor (492)
[2019.04.05-20.24.45:100][271]LogModuleManager: Shutting down and abandoning module ProjectLauncher (490)
[2019.04.05-20.24.45:100][271]LogModuleManager: Shutting down and abandoning module SessionFrontend (488)
[2019.04.05-20.24.45:100][271]LogModuleManager: Shutting down and abandoning module ProfilerClient (486)
[2019.04.05-20.24.45:100][271]LogModuleManager: Shutting down and abandoning module DeviceManager (484)
[2019.04.05-20.24.45:100][271]LogModuleManager: Shutting down and abandoning module TargetDeviceServices (483)
[2019.04.05-20.24.45:155][271]LogModuleManager: Shutting down and abandoning module AutomationController (480)
[2019.04.05-20.24.45:155][271]LogModuleManager: Shutting down and abandoning module AutomationWindow (478)
[2019.04.05-20.24.45:155][271]LogModuleManager: Shutting down and abandoning module Layers (476)
[2019.04.05-20.24.45:156][271]LogModuleManager: Shutting down and abandoning module ComponentVisualizers (474)
[2019.04.05-20.24.45:156][271]LogModuleManager: Shutting down and abandoning module DetailCustomizations (472)
[2019.04.05-20.24.45:156][271]LogModuleManager: Shutting down and abandoning module PackagesDialog (470)
[2019.04.05-20.24.45:156][271]LogModuleManager: Shutting down and abandoning module Persona (468)
[2019.04.05-20.24.45:156][271]LogModuleManager: Shutting down and abandoning module AnimGraph (467)
[2019.04.05-20.24.45:156][271]LogModuleManager: Shutting down and abandoning module Kismet (464)
[2019.04.05-20.24.45:157][271]LogModuleManager: Shutting down and abandoning module GraphEditor (462)
[2019.04.05-20.24.45:158][271]LogModuleManager: Shutting down and abandoning module ClassViewer (460)
[2019.04.05-20.24.45:158][271]LogModuleManager: Shutting down and abandoning module Toolbox (458)
[2019.04.05-20.24.45:158][271]LogModuleManager: Shutting down and abandoning module ModuleUI (456)
[2019.04.05-20.24.45:158][271]LogModuleManager: Shutting down and abandoning module MovieSceneTools (454)
[2019.04.05-20.24.45:158][271]LogModuleManager: Shutting down and abandoning module OutputLog (452)
[2019.04.05-20.24.45:158][271]LogModuleManager: Shutting down and abandoning module GammaUI (450)
[2019.04.05-20.24.45:158][271]LogModuleManager: Shutting down and abandoning module Documentation (448)
[2019.04.05-20.24.45:158][271]LogModuleManager: Shutting down and abandoning module MovieSceneTracks (446)
[2019.04.05-20.24.45:158][271]LogModuleManager: Shutting down and abandoning module MovieScene (444)
[2019.04.05-20.24.45:158][271]LogModuleManager: Shutting down and abandoning module StreamingPauseRendering (442)
[2019.04.05-20.24.45:158][271]LogModuleManager: Shutting down and abandoning module LauncherPlatform (440)
[2019.04.05-20.24.45:158][271]LogModuleManager: Shutting down and abandoning module AnalyticsET (438)
[2019.04.05-20.24.45:158][271]LogModuleManager: Shutting down and abandoning module PortalServices (436)
[2019.04.05-20.24.45:158][271]LogModuleManager: Shutting down and abandoning module PortalRpc (434)
[2019.04.05-20.24.45:159][271]LogModuleManager: Shutting down and abandoning module MessagingRpc (432)
[2019.04.05-20.24.45:159][271]LogModuleManager: Shutting down and abandoning module AIModule (430)
[2019.04.05-20.24.45:159][271]LogModuleManager: Shutting down and abandoning module GameplayDebugger (429)
[2019.04.05-20.24.45:159][271]LogModuleManager: Shutting down and abandoning module AITestSuite (427)
[2019.04.05-20.24.45:159][271]LogModuleManager: Shutting down and abandoning module NavigationSystem (425)
[2019.04.05-20.24.45:159][271]LogModuleManager: Shutting down and abandoning module DesktopPlatform (422)
[2019.04.05-20.24.45:159][271]LogModuleManager: Shutting down and abandoning module ImageWriteQueue (420)
[2019.04.05-20.24.45:169][271]LogModuleManager: Shutting down and abandoning module ProfilerService (418)
[2019.04.05-20.24.45:233][271]LogModuleManager: Shutting down and abandoning module TaskGraph (416)
[2019.04.05-20.24.45:233][271]LogModuleManager: Shutting down and abandoning module DatasmithCADImporter (414)
[2019.04.05-20.24.45:235][271]LogModuleManager: Shutting down and abandoning module VariantManager (412)
[2019.04.05-20.24.45:235][271]LogModuleManager: Shutting down and abandoning module StaticMeshEditorExtension (410)
[2019.04.05-20.24.45:235][271]LogModuleManager: Shutting down and abandoning module StaticMeshEditor (409)
[2019.04.05-20.24.45:236][271]LogModuleManager: Shutting down and abandoning module AdvancedPreviewScene (408)
[2019.04.05-20.24.45:236][271]LogModuleManager: Shutting down and abandoning module MeshProcessingLibrary (405)
[2019.04.05-20.24.45:236][271]LogModuleManager: Shutting down and abandoning module MDLImporter (402)
[2019.04.05-20.24.45:236][271]LogModuleManager: Shutting down and abandoning module DatasmithImporter (400)
[2019.04.05-20.24.45:237][271]LogModuleManager: Shutting down and abandoning module SteamVRController (398)
[2019.04.05-20.24.45:237][271]LogModuleManager: Shutting down and abandoning module ProceduralMeshComponentEditor (396)
[2019.04.05-20.24.45:237][271]LogModuleManager: Shutting down and abandoning module ProceduralMeshComponent (394)
[2019.04.05-20.24.45:237][271]LogModuleManager: Shutting down and abandoning module OculusInput (392)
[2019.04.05-20.24.45:237][271]LogModuleManager: Shutting down and abandoning module MobilePatchingUtils (390)
[2019.04.05-20.24.45:237][271]LogModuleManager: Shutting down and abandoning module EditableMesh (388)
[2019.04.05-20.24.45:237][271]LogModuleManager: Shutting down and abandoning module CustomMeshComponent (386)
[2019.04.05-20.24.45:237][271]LogModuleManager: Shutting down and abandoning module CableComponent (384)
[2019.04.05-20.24.45:237][271]LogModuleManager: Shutting down and abandoning module AudioCapture (382)
[2019.04.05-20.24.45:237][271]LogModuleManager: Shutting down and abandoning module ArchVisCharacter (380)
[2019.04.05-20.24.45:237][271]LogModuleManager: Shutting down and abandoning module AndroidPermission (378)
[2019.04.05-20.24.45:237][271]LogModuleManager: Shutting down and abandoning module NUTUnrealEngine4 (376)
[2019.04.05-20.24.45:238][271]LogModuleManager: Shutting down and abandoning module NetcodeUnitTest (374)
[2019.04.05-20.24.45:238][271]LogModuleManager: Shutting down and abandoning module MediaCompositing (372)
[2019.04.05-20.24.45:238][271]LogModuleManager: Shutting down and abandoning module LinearTimecode (370)
[2019.04.05-20.24.45:238][271]LogModuleManager: Shutting down and abandoning module ImgMedia (368)
[2019.04.05-20.24.45:252][271]LogModuleManager: Shutting down and abandoning module HTML5Networking (366)
[2019.04.05-20.24.45:252][271]LogModuleManager: Shutting down and abandoning module GeometryCacheTracks (364)
[2019.04.05-20.24.45:252][271]LogModuleManager: Shutting down and abandoning module GeometryCacheSequencer (362)
[2019.04.05-20.24.45:252][271]LogModuleManager: Shutting down and abandoning module BackChannel (360)
[2019.04.05-20.24.45:252][271]LogModuleManager: Shutting down and abandoning module AppleVision (358)
[2019.04.05-20.24.45:252][271]LogModuleManager: Shutting down and abandoning module AppleImageUtilsBlueprintSupport (356)
[2019.04.05-20.24.45:252][271]LogModuleManager: Shutting down and abandoning module AppleImageUtils (354)
[2019.04.05-20.24.45:252][271]LogModuleManager: Shutting down and abandoning module AlembicImporter (352)
[2019.04.05-20.24.45:252][271]LogModuleManager: Shutting down and abandoning module AlembicLibrary (351)
[2019.04.05-20.24.45:252][271]LogModuleManager: Shutting down and abandoning module GeometryCache (350)
[2019.04.05-20.24.45:253][271]LogModuleManager: Shutting down and abandoning module GeometryCacheEd (349)
[2019.04.05-20.24.45:253][271]LogModuleManager: Shutting down and abandoning module VariantManagerContent (344)
[2019.04.05-20.24.45:253][271]LogModuleManager: Shutting down and abandoning module DatasmithContentEditor (342)
[2019.04.05-20.24.45:253][271]LogModuleManager: Shutting down and abandoning module SpeedTreeImporter (340)
[2019.04.05-20.24.45:253][271]LogModuleManager: Shutting down and abandoning module PluginBrowser (338)
[2019.04.05-20.24.45:253][271]LogModuleManager: Shutting down and abandoning module MobileLauncherProfileWizard (336)
[2019.04.05-20.24.45:253][271]LogModuleManager: Shutting down and abandoning module PolygonModeling (334)
[2019.04.05-20.24.45:253][271]LogModuleManager: Shutting down and abandoning module MeshEditor (332)
[2019.04.05-20.24.45:253][271]LogModuleManager: Shutting down and abandoning module EditorScriptingUtilities (330)
[2019.04.05-20.24.45:253][271]LogModuleManager: Shutting down and abandoning module CryptoKeysOpenSSL (328)
[2019.04.05-20.24.45:254][271]LogModuleManager: Shutting down and abandoning module CryptoKeys (326)
[2019.04.05-20.24.45:254][271]LogModuleManager: Shutting down and abandoning module VisualStudioSourceCodeAccess (324)
[2019.04.05-20.24.45:254][271]LogModuleManager: Shutting down and abandoning module VisualStudioCodeSourceCodeAccess (322)
[2019.04.05-20.24.45:254][271]LogModuleManager: Shutting down and abandoning module UObjectPlugin (320)
[2019.04.05-20.24.45:254][271]LogModuleManager: Shutting down and abandoning module SubversionSourceControl (318)
[2019.04.05-20.24.45:254][271]LogModuleManager: Shutting down and abandoning module PerforceSourceControl (316)
[2019.04.05-20.24.45:255][271]LogModuleManager: Shutting down and abandoning module GitSourceControl (314)
[2019.04.05-20.24.45:255][271]LogModuleManager: Shutting down and abandoning module SourceControl (313)
[2019.04.05-20.24.45:255][271]LogModuleManager: Shutting down and abandoning module CLionSourceCodeAccess (310)
[2019.04.05-20.24.45:255][271]LogModuleManager: Shutting down and abandoning module ActorLayerUtilitiesEditor (308)
[2019.04.05-20.24.45:255][271]LogModuleManager: Shutting down and abandoning module ActorLayerUtilities (306)
[2019.04.05-20.24.45:255][271]LogModuleManager: Shutting down and abandoning module LightPropagationVolumeEditor (304)
[2019.04.05-20.24.45:255][271]LogModuleManager: Shutting down and abandoning module PaperTiledImporter (302)
[2019.04.05-20.24.45:256][271]LogModuleManager: Shutting down and abandoning module PaperSpriteSheetImporter (300)
[2019.04.05-20.24.45:256][271]LogModuleManager: Shutting down and abandoning module Paper2DEditor (298)
[2019.04.05-20.24.45:256][271]LogModuleManager: Shutting down and abandoning module MeshPaint (297)
[2019.04.05-20.24.45:256][271]LogModuleManager: Shutting down and abandoning module RuntimePhysXCooking (294)
[2019.04.05-20.24.45:256][271]LogModuleManager: Shutting down and abandoning module PhysXVehiclesEditor (292)
[2019.04.05-20.24.45:256][271]LogModuleManager: Shutting down and abandoning module PhysXVehicles (290)
[2019.04.05-20.24.45:257][271]LogModuleManager: Shutting down and abandoning module OculusEditor (288)
[2019.04.05-20.24.45:257][271]LogModuleManager: Shutting down and abandoning module LocationServicesBPLibrary (286)
[2019.04.05-20.24.45:257][271]LogModuleManager: Shutting down and abandoning module ActorSequence (284)
[2019.04.05-20.24.45:257][271]LogModuleManager: Shutting down and abandoning module UdpMessaging (282)
[2019.04.05-20.24.45:359][271]LogModuleManager: Shutting down and abandoning module TcpMessaging (280)
[2019.04.05-20.24.45:460][271]LogModuleManager: Shutting down and abandoning module MagicLeapAudio (278)
[2019.04.05-20.24.45:460][271]LogModuleManager: Shutting down and abandoning module GameplayTagsEditor (276)
[2019.04.05-20.24.45:460][271]LogModuleManager: Shutting down and abandoning module FacialAnimationEditor (274)
[2019.04.05-20.24.45:460][271]LogModuleManager: Shutting down and abandoning module FacialAnimation (272)
[2019.04.05-20.24.45:460][271]LogModuleManager: Shutting down and abandoning module DataValidation (270)
[2019.04.05-20.24.45:460][271]LogModuleManager: Shutting down and abandoning module AssetManagerEditor (268)
[2019.04.05-20.24.45:460][271]LogModuleManager: Shutting down and abandoning module LevelEditor (267)
[2019.04.05-20.24.45:463][271]LogModuleManager: Shutting down and abandoning module PixelInspectorModule (266)
[2019.04.05-20.24.45:463][271]LogModuleManager: Shutting down and abandoning module CommonMenuExtensions (264)
[2019.04.05-20.24.45:464][271]LogModuleManager: Shutting down and abandoning module MainFrame (262)
[2019.04.05-20.24.45:464][271]LogModuleManager: Shutting down and abandoning module HotReload (261)
[2019.04.05-20.24.45:466][271]LogModuleManager: Shutting down and abandoning module ContentBrowser (257)
[2019.04.05-20.24.45:468][271]LogModuleManager: Shutting down and abandoning module TreeMap (255)
[2019.04.05-20.24.45:468][271]LogModuleManager: Shutting down and abandoning module LightPropagationVolumeRuntime (252)
[2019.04.05-20.24.45:468][271]LogModuleManager: Shutting down and abandoning module AISupportModule (250)
[2019.04.05-20.24.45:468][271]LogModuleManager: Shutting down and abandoning module Paper2D (248)
[2019.04.05-20.24.45:468][271]LogModuleManager: Shutting down and abandoning module WindowsMoviePlayer (246)
[2019.04.05-20.24.45:468][271]LogModuleManager: Shutting down and abandoning module WebMMoviePlayer (244)
[2019.04.05-20.24.45:468][271]LogModuleManager: Shutting down and abandoning module WmfMedia (242)
[2019.04.05-20.24.45:470][271]LogModuleManager: Shutting down and abandoning module Media (241)
[2019.04.05-20.24.45:477][271]LogModuleManager: Shutting down and abandoning module PacketHandler (238)
[2019.04.05-20.24.45:477][271]LogModuleManager: Shutting down and abandoning module ClothingSystemEditor (236)
[2019.04.05-20.24.45:477][271]LogModuleManager: Shutting down and abandoning module ClothingSystemRuntime (234)
[2019.04.05-20.24.45:477][271]LogModuleManager: Shutting down and abandoning module MediaAssets (232)
[2019.04.05-20.24.45:477][271]LogModuleManager: Shutting down and abandoning module Overlay (230)
[2019.04.05-20.24.45:477][271]LogModuleManager: Shutting down and abandoning module OverlayEditor (229)
[2019.04.05-20.24.45:477][271]LogModuleManager: Shutting down and abandoning module VREditor (226)
[2019.04.05-20.24.45:477][271]LogModuleManager: Shutting down and abandoning module StringTableEditor (224)
[2019.04.05-20.24.45:477][271]LogModuleManager: Shutting down and abandoning module GameplayTasksEditor (222)
[2019.04.05-20.24.45:477][271]LogModuleManager: Shutting down and abandoning module BehaviorTreeEditor (220)
[2019.04.05-20.24.45:477][271]LogModuleManager: Shutting down and abandoning module FunctionalTesting (218)
[2019.04.05-20.24.45:477][271]LogModuleManager: Shutting down and abandoning module CollisionAnalyzer (216)
[2019.04.05-20.24.45:478][271]LogModuleManager: Shutting down and abandoning module WorkspaceMenuStructure (215)
[2019.04.05-20.24.45:478][271]LogModuleManager: Shutting down and abandoning module UMG (212)
[2019.04.05-20.24.45:478][271]LogModuleManager: Shutting down and abandoning module UMGEditor (211)
[2019.04.05-20.24.45:478][271]LogModuleManager: Shutting down and abandoning module Sequencer (210)
[2019.04.05-20.24.45:478][271]LogModuleManager: Shutting down and abandoning module MessageLog (207)
[2019.04.05-20.24.45:478][271]LogModuleManager: Shutting down and abandoning module SlateReflector (202)
[2019.04.05-20.24.45:479][271]LogModuleManager: Shutting down and abandoning module Slate (200)
[2019.04.05-20.24.45:479][271]LogModuleManager: Shutting down and abandoning module EditorStyle (198)
[2019.04.05-20.24.45:484][271]LogModuleManager: Shutting down and abandoning module MRMesh (196)
[2019.04.05-20.24.45:484][271]LogModuleManager: Shutting down and abandoning module SourceCodeAccess (194)
[2019.04.05-20.24.45:484][271]LogModuleManager: Shutting down and abandoning module HeadMountedDisplay (192)
[2019.04.05-20.24.45:484][271]LogModuleManager: Shutting down and abandoning module XAudio2 (190)
[2019.04.05-20.24.45:484][271]LogModuleManager: Shutting down and abandoning module Networking (188)
[2019.04.05-20.24.45:484][271]LogModuleManager: Shutting down and abandoning module Core (186)
[2019.04.05-20.24.45:484][271]LogModuleManager: Shutting down and abandoning module LevelSequence (184)
[2019.04.05-20.24.45:484][271]LogModuleManager: Shutting down and abandoning module KismetCompiler (182)
[2019.04.05-20.24.45:484][271]LogModuleManager: Shutting down and abandoning module MeshUtilities (180)
[2019.04.05-20.24.45:484][271]LogModuleManager: Shutting down and abandoning module MeshMergeUtilities (179)
[2019.04.05-20.24.45:484][271]LogModuleManager: Shutting down and abandoning module MeshReductionInterface (178)
[2019.04.05-20.24.45:484][271]LogModuleManager: Shutting down and abandoning module SimplygonSwarm (177)
[2019.04.05-20.24.45:484][271]LogModuleManager: Shutting down and abandoning module ProxyLODMeshReduction (175)
[2019.04.05-20.24.45:484][271]LogModuleManager: Shutting down and abandoning module SimplygonMeshReduction (173)
[2019.04.05-20.24.45:484][271]LogModuleManager: Shutting down and abandoning module QuadricMeshReduction (171)
[2019.04.05-20.24.45:484][271]LogModuleManager: Shutting down and abandoning module MaterialBaking (167)
[2019.04.05-20.24.45:484][271]LogModuleManager: Shutting down and abandoning module DirectoryWatcher (163)
[2019.04.05-20.24.45:484][271]LogModuleManager: Shutting down and abandoning module DerivedDataCache (160)
[2019.04.05-20.24.45:489][271]LogDerivedDataCache: Shutdown
[2019.04.05-20.24.45:489][271]LogModuleManager: Shutting down and abandoning module XGEController (158)
[2019.04.05-20.24.45:489][271]LogXGEController: Cleaning working directory: C:/Users/Jirawat/AppData/Local/Temp/UnrealXGEWorkingDir/
[2019.04.05-20.24.45:489][271]LogModuleManager: Shutting down and abandoning module TargetPlatform (156)
[2019.04.05-20.24.45:489][271]LogModuleManager: Shutting down and abandoning module VulkanShaderFormat (155)
[2019.04.05-20.24.45:489][271]LogModuleManager: Shutting down and abandoning module ShaderFormatVectorVM (153)
[2019.04.05-20.24.45:489][271]LogModuleManager: Shutting down and abandoning module ShaderFormatOpenGL (151)
[2019.04.05-20.24.45:489][271]LogModuleManager: Shutting down and abandoning module ShaderFormatD3D (149)
[2019.04.05-20.24.45:489][271]LogModuleManager: Shutting down and abandoning module MetalShaderFormat (147)
[2019.04.05-20.24.45:489][271]LogModuleManager: Shutting down and abandoning module TextureFormatUncompressed (145)
[2019.04.05-20.24.45:489][271]LogModuleManager: Shutting down and abandoning module TextureFormatPVR (143)
[2019.04.05-20.24.45:489][271]LogModuleManager: Shutting down and abandoning module TextureFormatDXT (141)
[2019.04.05-20.24.45:489][271]LogModuleManager: Shutting down and abandoning module TextureFormatIntelISPCTexComp (139)
[2019.04.05-20.24.45:489][271]LogModuleManager: Shutting down and abandoning module TextureFormatASTC (137)
[2019.04.05-20.24.45:489][271]LogModuleManager: Shutting down and abandoning module ImageWrapper (136)
[2019.04.05-20.24.45:490][271]LogModuleManager: Shutting down and abandoning module TextureFormatAndroid (133)
[2019.04.05-20.24.45:490][271]LogModuleManager: Shutting down and abandoning module AudioFormatOpus (131)
[2019.04.05-20.24.45:490][271]LogModuleManager: Shutting down and abandoning module AudioFormatOgg (129)
[2019.04.05-20.24.45:490][271]LogModuleManager: Shutting down and abandoning module AudioFormatADPCM (127)
[2019.04.05-20.24.45:490][271]LogModuleManager: Shutting down and abandoning module LuminTargetPlatform (125)
[2019.04.05-20.24.45:491][271]LogModuleManager: Shutting down and abandoning module LinuxTargetPlatform (123)
[2019.04.05-20.24.45:491][271]LogModuleManager: Shutting down and abandoning module LinuxServerTargetPlatform (121)
[2019.04.05-20.24.45:491][271]LogModuleManager: Shutting down and abandoning module LinuxNoEditorTargetPlatform (119)
[2019.04.05-20.24.45:491][271]LogModuleManager: Shutting down and abandoning module LinuxClientTargetPlatform (117)
[2019.04.05-20.24.45:491][271]LogModuleManager: Shutting down and abandoning module TVOSTargetPlatform (115)
[2019.04.05-20.24.45:492][271]LogModuleManager: Shutting down and abandoning module Messaging (113)
[2019.04.05-20.24.45:492][271]LogModuleManager: Shutting down and abandoning module IOSTargetPlatform (111)
[2019.04.05-20.24.45:493][271]LogModuleManager: Shutting down and abandoning module HTML5TargetPlatform (109)
[2019.04.05-20.24.45:493][271]LogModuleManager: Shutting down and abandoning module AndroidTargetPlatform (107)
[2019.04.05-20.24.45:505][271]LogModuleManager: Shutting down and abandoning module WindowsTargetPlatform (105)
[2019.04.05-20.24.45:505][271]LogModuleManager: Shutting down and abandoning module WindowsServerTargetPlatform (103)
[2019.04.05-20.24.45:505][271]LogModuleManager: Shutting down and abandoning module WindowsNoEditorTargetPlatform (101)
[2019.04.05-20.24.45:505][271]LogModuleManager: Shutting down and abandoning module WindowsClientTargetPlatform (99)
[2019.04.05-20.24.45:505][271]LogModuleManager: Shutting down and abandoning module MacTargetPlatform (97)
[2019.04.05-20.24.45:505][271]LogModuleManager: Shutting down and abandoning module MacServerTargetPlatform (95)
[2019.04.05-20.24.45:505][271]LogModuleManager: Shutting down and abandoning module MacNoEditorTargetPlatform (93)
[2019.04.05-20.24.45:505][271]LogModuleManager: Shutting down and abandoning module MacClientTargetPlatform (91)
[2019.04.05-20.24.45:505][271]LogModuleManager: Shutting down and abandoning module AllDesktopTargetPlatform (89)
[2019.04.05-20.24.45:505][271]LogModuleManager: Shutting down and abandoning module InputCore (86)
[2019.04.05-20.24.45:505][271]LogModuleManager: Shutting down and abandoning module Settings (84)
[2019.04.05-20.24.45:505][271]LogModuleManager: Shutting down and abandoning module PhysXCooking (82)
[2019.04.05-20.24.45:505][271]LogModuleManager: Shutting down and abandoning module SteamVR (80)
[2019.04.05-20.24.45:505][271]LogHMD: Freeing OpenVRDLLHandle.
[2019.04.05-20.24.45:505][271]LogModuleManager: Shutting down and abandoning module OculusHMD (78)
[2019.04.05-20.24.45:505][271]LogModuleManager: Shutting down and abandoning module ExampleDeviceProfileSelector (76)
[2019.04.05-20.24.45:506][271]LogModuleManager: Shutting down and abandoning module LauncherChunkInstaller (74)
[2019.04.05-20.24.45:506][271]LogModuleManager: Shutting down and abandoning module OnlineBlueprintSupport (72)
[2019.04.05-20.24.45:506][271]LogModuleManager: Shutting down and abandoning module OnlineSubsystem (68)
[2019.04.05-20.24.45:507][271]LogModuleManager: Shutting down and abandoning module XMPP (63)
[2019.04.05-20.24.45:507][271]LogModuleManager: Shutting down and abandoning module WebSockets (62)
[2019.04.05-20.24.45:544][271]LogModuleManager: Shutting down and abandoning module HTTP (59)
[2019.04.05-20.24.45:544][271]LogHttp: Display: Http module shutting down, but needs to wait on 1 outstanding Http requests:
[2019.04.05-20.24.45:544][271]LogHttp: Display: 	verb=[POST] url=[https://datarouter.ol.epicgames.com/datarouter/api/v1/public/data?SessionID=%7B3FF9BD5C-4561-D967-663C-AC91BB8B2F36%7D&AppID=UEEditor.Rocket.Release&AppVersion=4.21.2-4753647%2B%2B%2BUE4%2BRelease-4.21&UserID=12c81987479b94091f85fc9d08418ffd%7C5ee1f9d65a124a72987fd12bff03bab8%7C1f82ff2f-ab75-4eb1-be81-56d75eb9b25b&AppEnvironment=datacollector-binary&UploadType=eteventstream] status=Processing
[2019.04.05-20.24.45:551][271]LogModuleManager: Shutting down and abandoning module SSL (58)
[2019.04.05-20.24.45:553][271]LogModuleManager: Shutting down and abandoning module MagicLeapIdentity (54)
[2019.04.05-20.24.45:553][271]LogModuleManager: Shutting down and abandoning module MagicLeapHelperVulkan (52)
[2019.04.05-20.24.45:553][271]LogModuleManager: Shutting down and abandoning module MagicLeapHelperOpenGL (50)
[2019.04.05-20.24.45:553][271]LogModuleManager: Shutting down and abandoning module MagicLeapSecureStorage (48)
[2019.04.05-20.24.45:553][271]LogModuleManager: Shutting down and abandoning module MagicLeapHandTracking (46)
[2019.04.05-20.24.45:553][271]LogModuleManager: Shutting down and abandoning module MagicLeapEyeTracker (44)
[2019.04.05-20.24.45:553][271]LogModuleManager: Shutting down and abandoning module MagicLeapController (42)
[2019.04.05-20.24.45:553][271]LogSlate: Slate User Destroyed.  User Index 0, Is Virtual User: 0
[2019.04.05-20.24.45:553][271]LogModuleManager: Shutting down and abandoning module MagicLeap (40)
[2019.04.05-20.24.45:554][271]LogModuleManager: Shutting down and abandoning module DatasmithContent (38)
[2019.04.05-20.24.45:555][271]LogModuleManager: Shutting down and abandoning module AnimationModifiers (36)
[2019.04.05-20.24.45:555][271]LogModuleManager: Shutting down and abandoning module PropertyEditor (35)
[2019.04.05-20.24.45:555][271]LogModuleManager: Shutting down and abandoning module AudioEditor (32)
[2019.04.05-20.24.45:555][271]LogModuleManager: Shutting down and abandoning module TextureCompressor (30)
[2019.04.05-20.24.45:555][271]LogModuleManager: Shutting down and abandoning module ShaderCore (28)
[2019.04.05-20.24.45:555][271]LogModuleManager: Shutting down and abandoning module Landscape (26)
[2019.04.05-20.24.45:555][271]LogModuleManager: Shutting down and abandoning module SlateRHIRenderer (24)
[2019.04.05-20.24.45:556][271]LogModuleManager: Shutting down and abandoning module OpenGLDrv (22)
[2019.04.05-20.24.45:556][271]LogModuleManager: Shutting down and abandoning module D3D11RHI (20)
[2019.04.05-20.24.45:556][271]LogModuleManager: Shutting down and abandoning module AnimGraphRuntime (18)
[2019.04.05-20.24.45:556][271]LogModuleManager: Shutting down and abandoning module Renderer (16)
[2019.04.05-20.24.45:556][271]LogModuleManager: Shutting down and abandoning module Engine (14)
[2019.04.05-20.24.45:556][271]LogModuleManager: Shutting down and abandoning module CoreUObject (12)
[2019.04.05-20.24.45:556][271]LogModuleManager: Shutting down and abandoning module NetworkFile (10)
[2019.04.05-20.24.45:556][271]LogModuleManager: Shutting down and abandoning module CookedIterativeFile (8)
[2019.04.05-20.24.45:556][271]LogModuleManager: Shutting down and abandoning module StreamingFile (6)
[2019.04.05-20.24.45:556][271]LogModuleManager: Shutting down and abandoning module SandboxFile (4)
[2019.04.05-20.24.45:556][271]LogModuleManager: Shutting down and abandoning module PakFile (2)
[2019.04.05-20.24.45:576][271]LogExit: Exiting.
[2019.04.05-20.24.45:642][271]Log file closed, 04/05/19 16:24:45
